[INFO] - [2016/06/17 22:55:06.310][IMCORE]UDP服务器正在端口 9999 上监听中... | (EchoServer^main:40)
[DEBUG] - [2016/06/17 22:55:12.372]Firing a MESSAGE_RECEIVED event for session 1 | (IoFilterEvent^fire:68)
[DEBUG] - [2016/06/17 22:55:12.372]Firing a SESSION_OPENED event for session 1 | (IoFilterEvent^fire:68)
[DEBUG] - [2016/06/17 22:55:12.372]Event SESSION_OPENED has been fired for session 1 | (IoFilterEvent^fire:117)
[DEBUG] - [2016/06/17 22:55:12.372]【NOTE】>>>>>> 收到客户端的数据：Hi，我是客户端，我的时间戳1466175312325 | (EchoSeverHandler^messageReceived:57)
[DEBUG] - [2016/06/17 22:55:12.372]Event MESSAGE_RECEIVED has been fired for session 1 | (IoFilterEvent^fire:117)
[DEBUG] - [2016/06/17 22:55:12.372]Firing a MESSAGE_SENT event for session 1 | (IoFilterEvent^fire:68)
[DEBUG] - [2016/06/17 22:55:12.372]Event MESSAGE_SENT has been fired for session 1 | (IoFilterEvent^fire:117)
[DEBUG] - [2016/06/17 22:55:15.341]Firing a MESSAGE_RECEIVED event for session 1 | (IoFilterEvent^fire:68)
[DEBUG] - [2016/06/17 22:55:15.341]【NOTE】>>>>>> 收到客户端的数据：Hi，我是客户端，我的时间戳1466175315341 | (EchoSeverHandler^messageReceived:57)
[DEBUG] - [2016/06/17 22:55:15.341]Event MESSAGE_RECEIVED has been fired for session 1 | (IoFilterEvent^fire:117)
[DEBUG] - [2016/06/17 22:55:15.341]Firing a MESSAGE_SENT event for session 1 | (IoFilterEvent^fire:68)
[DEBUG] - [2016/06/17 22:55:15.341]Event MESSAGE_SENT has been fired for session 1 | (IoFilterEvent^fire:117)
[DEBUG] - [2016/06/17 22:55:18.341]Firing a MESSAGE_RECEIVED event for session 1 | (IoFilterEvent^fire:68)
[DEBUG] - [2016/06/17 22:55:18.341]【NOTE】>>>>>> 收到客户端的数据：Hi，我是客户端，我的时间戳1466175318341 | (EchoSeverHandler^messageReceived:57)
[DEBUG] - [2016/06/17 22:55:18.341]Event MESSAGE_RECEIVED has been fired for session 1 | (IoFilterEvent^fire:117)
[DEBUG] - [2016/06/17 22:55:18.341]Firing a MESSAGE_SENT event for session 1 | (IoFilterEvent^fire:68)
[DEBUG] - [2016/06/17 22:55:18.341]Event MESSAGE_SENT has been fired for session 1 | (IoFilterEvent^fire:117)
[DEBUG] - [2016/06/17 22:55:21.341]Firing a MESSAGE_RECEIVED event for session 1 | (IoFilterEvent^fire:68)
[DEBUG] - [2016/06/17 22:55:21.341]【NOTE】>>>>>> 收到客户端的数据：Hi，我是客户端，我的时间戳1466175321341 | (EchoSeverHandler^messageReceived:57)
[DEBUG] - [2016/06/17 22:55:21.341]Event MESSAGE_RECEIVED has been fired for session 1 | (IoFilterEvent^fire:117)
[DEBUG] - [2016/06/17 22:55:21.341]Firing a MESSAGE_SENT event for session 1 | (IoFilterEvent^fire:68)
[DEBUG] - [2016/06/17 22:55:21.341]Event MESSAGE_SENT has been fired for session 1 | (IoFilterEvent^fire:117)
[DEBUG] - [2016/06/17 22:55:24.342]Firing a MESSAGE_RECEIVED event for session 1 | (IoFilterEvent^fire:68)
[DEBUG] - [2016/06/17 22:55:24.342]【NOTE】>>>>>> 收到客户端的数据：Hi，我是客户端，我的时间戳1466175324342 | (EchoSeverHandler^messageReceived:57)
[DEBUG] - [2016/06/17 22:55:24.342]Event MESSAGE_RECEIVED has been fired for session 1 | (IoFilterEvent^fire:117)
[DEBUG] - [2016/06/17 22:55:24.342]Firing a MESSAGE_SENT event for session 1 | (IoFilterEvent^fire:68)
[DEBUG] - [2016/06/17 22:55:24.342]Event MESSAGE_SENT has been fired for session 1 | (IoFilterEvent^fire:117)
[DEBUG] - [2016/06/17 22:55:27.358]Firing a MESSAGE_RECEIVED event for session 1 | (IoFilterEvent^fire:68)
[DEBUG] - [2016/06/17 22:55:27.358]【NOTE】>>>>>> 收到客户端的数据：Hi，我是客户端，我的时间戳1466175327358 | (EchoSeverHandler^messageReceived:57)
[DEBUG] - [2016/06/17 22:55:27.358]Firing a MESSAGE_SENT event for session 1 | (IoFilterEvent^fire:68)
[DEBUG] - [2016/06/17 22:55:27.358]Event MESSAGE_SENT has been fired for session 1 | (IoFilterEvent^fire:117)
[DEBUG] - [2016/06/17 22:55:27.358]Event MESSAGE_RECEIVED has been fired for session 1 | (IoFilterEvent^fire:117)
[DEBUG] - [2016/06/17 22:55:30.358]Firing a MESSAGE_RECEIVED event for session 1 | (IoFilterEvent^fire:68)
[DEBUG] - [2016/06/17 22:55:30.358]【NOTE】>>>>>> 收到客户端的数据：Hi，我是客户端，我的时间戳1466175330358 | (EchoSeverHandler^messageReceived:57)
[DEBUG] - [2016/06/17 22:55:30.358]Event MESSAGE_RECEIVED has been fired for session 1 | (IoFilterEvent^fire:117)
[DEBUG] - [2016/06/17 22:55:30.358]Firing a MESSAGE_SENT event for session 1 | (IoFilterEvent^fire:68)
[DEBUG] - [2016/06/17 22:55:30.358]Event MESSAGE_SENT has been fired for session 1 | (IoFilterEvent^fire:117)
[DEBUG] - [2016/06/17 22:55:33.358]Firing a MESSAGE_RECEIVED event for session 1 | (IoFilterEvent^fire:68)
[DEBUG] - [2016/06/17 22:55:33.358]【NOTE】>>>>>> 收到客户端的数据：Hi，我是客户端，我的时间戳1466175333358 | (EchoSeverHandler^messageReceived:57)
[DEBUG] - [2016/06/17 22:55:33.358]Event MESSAGE_RECEIVED has been fired for session 1 | (IoFilterEvent^fire:117)
[DEBUG] - [2016/06/17 22:55:33.358]Firing a MESSAGE_SENT event for session 1 | (IoFilterEvent^fire:68)
[DEBUG] - [2016/06/17 22:55:33.358]Event MESSAGE_SENT has been fired for session 1 | (IoFilterEvent^fire:117)
[INFO] - [2016/06/20 13:26:25.267][IMCORE]UDP服务器正在端口 9999 上监听中... | (EchoServer^main:40)
[DEBUG] - [2016/06/20 13:26:33.409]Firing a MESSAGE_RECEIVED event for session 1 | (IoFilterEvent^fire:68)
[DEBUG] - [2016/06/20 13:26:33.424]Firing a SESSION_OPENED event for session 1 | (IoFilterEvent^fire:68)
[DEBUG] - [2016/06/20 13:26:33.424]Event SESSION_OPENED has been fired for session 1 | (IoFilterEvent^fire:117)
[DEBUG] - [2016/06/20 13:26:33.424]【NOTE】>>>>>> 收到客户端的数据：Hi，我是客户端，我的时间戳1466400393362 | (EchoSeverHandler^messageReceived:57)
[DEBUG] - [2016/06/20 13:26:33.455]Event MESSAGE_RECEIVED has been fired for session 1 | (IoFilterEvent^fire:117)
[DEBUG] - [2016/06/20 13:26:33.455]Firing a MESSAGE_SENT event for session 1 | (IoFilterEvent^fire:68)
[DEBUG] - [2016/06/20 13:26:33.455]Event MESSAGE_SENT has been fired for session 1 | (IoFilterEvent^fire:117)
[DEBUG] - [2016/06/20 13:26:36.393]Firing a MESSAGE_RECEIVED event for session 1 | (IoFilterEvent^fire:68)
[DEBUG] - [2016/06/20 13:26:36.393]【NOTE】>>>>>> 收到客户端的数据：Hi，我是客户端，我的时间戳1466400396393 | (EchoSeverHandler^messageReceived:57)
[DEBUG] - [2016/06/20 13:26:36.393]Event MESSAGE_RECEIVED has been fired for session 1 | (IoFilterEvent^fire:117)
[DEBUG] - [2016/06/20 13:26:36.393]Firing a MESSAGE_SENT event for session 1 | (IoFilterEvent^fire:68)
[DEBUG] - [2016/06/20 13:26:36.393]Event MESSAGE_SENT has been fired for session 1 | (IoFilterEvent^fire:117)
[DEBUG] - [2016/06/20 13:26:39.393]Firing a MESSAGE_RECEIVED event for session 1 | (IoFilterEvent^fire:68)
[DEBUG] - [2016/06/20 13:26:39.393]【NOTE】>>>>>> 收到客户端的数据：Hi，我是客户端，我的时间戳1466400399393 | (EchoSeverHandler^messageReceived:57)
[DEBUG] - [2016/06/20 13:26:39.393]Firing a MESSAGE_SENT event for session 1 | (IoFilterEvent^fire:68)
[DEBUG] - [2016/06/20 13:26:39.393]Event MESSAGE_SENT has been fired for session 1 | (IoFilterEvent^fire:117)
[DEBUG] - [2016/06/20 13:26:39.393]Event MESSAGE_RECEIVED has been fired for session 1 | (IoFilterEvent^fire:117)
[DEBUG] - [2016/06/20 13:26:42.393]Firing a MESSAGE_RECEIVED event for session 1 | (IoFilterEvent^fire:68)
[DEBUG] - [2016/06/20 13:26:42.393]【NOTE】>>>>>> 收到客户端的数据：Hi，我是客户端，我的时间戳1466400402393 | (EchoSeverHandler^messageReceived:57)
[DEBUG] - [2016/06/20 13:26:42.393]Event MESSAGE_RECEIVED has been fired for session 1 | (IoFilterEvent^fire:117)
[DEBUG] - [2016/06/20 13:26:42.393]Firing a MESSAGE_SENT event for session 1 | (IoFilterEvent^fire:68)
[DEBUG] - [2016/06/20 13:26:42.393]Event MESSAGE_SENT has been fired for session 1 | (IoFilterEvent^fire:117)
[INFO] - [2016/06/23 15:24:13.171][IMCORE]UDP服务器正在端口 9999 上监听中... | (EchoServer^main:40)
[DEBUG] - [2016/06/23 15:24:20.266]Firing a SESSION_OPENED event for session 1 | (IoFilterEvent^fire:68)
[DEBUG] - [2016/06/23 15:24:20.266]Firing a MESSAGE_RECEIVED event for session 1 | (IoFilterEvent^fire:68)
[DEBUG] - [2016/06/23 15:24:20.266]Event SESSION_OPENED has been fired for session 1 | (IoFilterEvent^fire:117)
[DEBUG] - [2016/06/23 15:24:20.266]【NOTE】>>>>>> 收到客户端的数据：Hi，我是iOS客户端，我的时间戳 2082812287 | (EchoSeverHandler^messageReceived:57)
[DEBUG] - [2016/06/23 15:24:20.266]Event MESSAGE_RECEIVED has been fired for session 1 | (IoFilterEvent^fire:117)
[DEBUG] - [2016/06/23 15:24:20.266]Firing a MESSAGE_SENT event for session 1 | (IoFilterEvent^fire:68)
[DEBUG] - [2016/06/23 15:24:20.266]Event MESSAGE_SENT has been fired for session 1 | (IoFilterEvent^fire:117)
[DEBUG] - [2016/06/23 15:24:30.891]Firing a MESSAGE_RECEIVED event for session 2 | (IoFilterEvent^fire:68)
[DEBUG] - [2016/06/23 15:24:30.891]【NOTE】>>>>>> 收到客户端的数据：Hi，我是iOS客户端，我的时间戳 2082822820 | (EchoSeverHandler^messageReceived:57)
[DEBUG] - [2016/06/23 15:24:30.891]Firing a SESSION_OPENED event for session 2 | (IoFilterEvent^fire:68)
[DEBUG] - [2016/06/23 15:24:30.891]Event SESSION_OPENED has been fired for session 2 | (IoFilterEvent^fire:117)
[DEBUG] - [2016/06/23 15:24:30.891]Event MESSAGE_RECEIVED has been fired for session 2 | (IoFilterEvent^fire:117)
[DEBUG] - [2016/06/23 15:24:30.891]Firing a MESSAGE_SENT event for session 2 | (IoFilterEvent^fire:68)
[DEBUG] - [2016/06/23 15:24:30.891]Event MESSAGE_SENT has been fired for session 2 | (IoFilterEvent^fire:117)
[DEBUG] - [2016/06/23 15:24:35.751]Firing a MESSAGE_RECEIVED event for session 2 | (IoFilterEvent^fire:68)
[DEBUG] - [2016/06/23 15:24:35.751]【NOTE】>>>>>> 收到客户端的数据：Hi，我是iOS客户端，我的时间戳 2082827825 | (EchoSeverHandler^messageReceived:57)
[DEBUG] - [2016/06/23 15:24:35.751]Event MESSAGE_RECEIVED has been fired for session 2 | (IoFilterEvent^fire:117)
[DEBUG] - [2016/06/23 15:24:35.751]Firing a MESSAGE_SENT event for session 2 | (IoFilterEvent^fire:68)
[DEBUG] - [2016/06/23 15:24:35.751]Event MESSAGE_SENT has been fired for session 2 | (IoFilterEvent^fire:117)
[DEBUG] - [2016/06/23 15:24:40.751]Firing a MESSAGE_RECEIVED event for session 2 | (IoFilterEvent^fire:68)
[DEBUG] - [2016/06/23 15:24:40.751]【NOTE】>>>>>> 收到客户端的数据：Hi，我是iOS客户端，我的时间戳 2082832825 | (EchoSeverHandler^messageReceived:57)
[DEBUG] - [2016/06/23 15:24:40.751]Event MESSAGE_RECEIVED has been fired for session 2 | (IoFilterEvent^fire:117)
[DEBUG] - [2016/06/23 15:24:40.751]Firing a MESSAGE_SENT event for session 2 | (IoFilterEvent^fire:68)
[DEBUG] - [2016/06/23 15:24:40.751]Event MESSAGE_SENT has been fired for session 2 | (IoFilterEvent^fire:117)
[DEBUG] - [2016/06/23 15:24:45.751]Firing a MESSAGE_RECEIVED event for session 2 | (IoFilterEvent^fire:68)
[DEBUG] - [2016/06/23 15:24:45.751]【NOTE】>>>>>> 收到客户端的数据：Hi，我是iOS客户端，我的时间戳 2082837822 | (EchoSeverHandler^messageReceived:57)
[DEBUG] - [2016/06/23 15:24:45.751]Event MESSAGE_RECEIVED has been fired for session 2 | (IoFilterEvent^fire:117)
[DEBUG] - [2016/06/23 15:24:45.751]Firing a MESSAGE_SENT event for session 2 | (IoFilterEvent^fire:68)
[DEBUG] - [2016/06/23 15:24:45.751]Event MESSAGE_SENT has been fired for session 2 | (IoFilterEvent^fire:117)
[DEBUG] - [2016/06/23 15:24:50.752]Firing a MESSAGE_RECEIVED event for session 2 | (IoFilterEvent^fire:68)
[DEBUG] - [2016/06/23 15:24:50.752]【NOTE】>>>>>> 收到客户端的数据：Hi，我是iOS客户端，我的时间戳 2082842825 | (EchoSeverHandler^messageReceived:57)
[DEBUG] - [2016/06/23 15:24:50.752]Event MESSAGE_RECEIVED has been fired for session 2 | (IoFilterEvent^fire:117)
[DEBUG] - [2016/06/23 15:24:50.752]Firing a MESSAGE_SENT event for session 2 | (IoFilterEvent^fire:68)
[DEBUG] - [2016/06/23 15:24:50.752]Event MESSAGE_SENT has been fired for session 2 | (IoFilterEvent^fire:117)
[DEBUG] - [2016/06/23 15:24:55.752]Firing a MESSAGE_RECEIVED event for session 2 | (IoFilterEvent^fire:68)
[DEBUG] - [2016/06/23 15:24:55.752]【NOTE】>>>>>> 收到客户端的数据：Hi，我是iOS客户端，我的时间戳 2082847825 | (EchoSeverHandler^messageReceived:57)
[DEBUG] - [2016/06/23 15:24:55.752]Event MESSAGE_RECEIVED has been fired for session 2 | (IoFilterEvent^fire:117)
[DEBUG] - [2016/06/23 15:24:55.752]Firing a MESSAGE_SENT event for session 2 | (IoFilterEvent^fire:68)
[DEBUG] - [2016/06/23 15:24:55.752]Event MESSAGE_SENT has been fired for session 2 | (IoFilterEvent^fire:117)
[DEBUG] - [2016/06/23 15:25:00.752]Firing a MESSAGE_RECEIVED event for session 2 | (IoFilterEvent^fire:68)
[DEBUG] - [2016/06/23 15:25:00.752]【NOTE】>>>>>> 收到客户端的数据：Hi，我是iOS客户端，我的时间戳 2082852826 | (EchoSeverHandler^messageReceived:57)
[DEBUG] - [2016/06/23 15:25:00.752]Event MESSAGE_RECEIVED has been fired for session 2 | (IoFilterEvent^fire:117)
[DEBUG] - [2016/06/23 15:25:00.752]Firing a MESSAGE_SENT event for session 2 | (IoFilterEvent^fire:68)
[DEBUG] - [2016/06/23 15:25:00.752]Event MESSAGE_SENT has been fired for session 2 | (IoFilterEvent^fire:117)
[DEBUG] - [2016/06/23 15:25:05.753]Firing a MESSAGE_RECEIVED event for session 2 | (IoFilterEvent^fire:68)
[DEBUG] - [2016/06/23 15:25:05.753]【NOTE】>>>>>> 收到客户端的数据：Hi，我是iOS客户端，我的时间戳 2082857825 | (EchoSeverHandler^messageReceived:57)
[DEBUG] - [2016/06/23 15:25:05.753]Event MESSAGE_RECEIVED has been fired for session 2 | (IoFilterEvent^fire:117)
[DEBUG] - [2016/06/23 15:25:05.753]Firing a MESSAGE_SENT event for session 2 | (IoFilterEvent^fire:68)
[DEBUG] - [2016/06/23 15:25:05.753]Event MESSAGE_SENT has been fired for session 2 | (IoFilterEvent^fire:117)
[DEBUG] - [2016/06/23 15:25:10.753]Firing a MESSAGE_RECEIVED event for session 2 | (IoFilterEvent^fire:68)
[DEBUG] - [2016/06/23 15:25:10.753]【NOTE】>>>>>> 收到客户端的数据：Hi，我是iOS客户端，我的时间戳 2082862826 | (EchoSeverHandler^messageReceived:57)
[DEBUG] - [2016/06/23 15:25:10.753]Event MESSAGE_RECEIVED has been fired for session 2 | (IoFilterEvent^fire:117)
[DEBUG] - [2016/06/23 15:25:10.753]Firing a MESSAGE_SENT event for session 2 | (IoFilterEvent^fire:68)
[DEBUG] - [2016/06/23 15:25:10.753]Event MESSAGE_SENT has been fired for session 2 | (IoFilterEvent^fire:117)
[DEBUG] - [2016/06/23 15:25:15.753]Firing a MESSAGE_RECEIVED event for session 2 | (IoFilterEvent^fire:68)
[DEBUG] - [2016/06/23 15:25:15.753]【NOTE】>>>>>> 收到客户端的数据：Hi，我是iOS客户端，我的时间戳 2082867823 | (EchoSeverHandler^messageReceived:57)
[DEBUG] - [2016/06/23 15:25:15.753]Event MESSAGE_RECEIVED has been fired for session 2 | (IoFilterEvent^fire:117)
[DEBUG] - [2016/06/23 15:25:15.753]Firing a MESSAGE_SENT event for session 2 | (IoFilterEvent^fire:68)
[DEBUG] - [2016/06/23 15:25:15.753]Event MESSAGE_SENT has been fired for session 2 | (IoFilterEvent^fire:117)
[DEBUG] - [2016/06/23 15:25:20.753]Firing a MESSAGE_RECEIVED event for session 2 | (IoFilterEvent^fire:68)
[DEBUG] - [2016/06/23 15:25:20.753]【NOTE】>>>>>> 收到客户端的数据：Hi，我是iOS客户端，我的时间戳 2082872826 | (EchoSeverHandler^messageReceived:57)
[DEBUG] - [2016/06/23 15:25:20.753]Event MESSAGE_RECEIVED has been fired for session 2 | (IoFilterEvent^fire:117)
[DEBUG] - [2016/06/23 15:25:20.753]Firing a MESSAGE_SENT event for session 2 | (IoFilterEvent^fire:68)
[DEBUG] - [2016/06/23 15:25:20.753]Event MESSAGE_SENT has been fired for session 2 | (IoFilterEvent^fire:117)
[DEBUG] - [2016/06/23 15:25:25.754]Firing a MESSAGE_RECEIVED event for session 2 | (IoFilterEvent^fire:68)
[DEBUG] - [2016/06/23 15:25:25.754]【NOTE】>>>>>> 收到客户端的数据：Hi，我是iOS客户端，我的时间戳 2082877826 | (EchoSeverHandler^messageReceived:57)
[DEBUG] - [2016/06/23 15:25:25.754]Firing a MESSAGE_SENT event for session 2 | (IoFilterEvent^fire:68)
[DEBUG] - [2016/06/23 15:25:25.754]Event MESSAGE_RECEIVED has been fired for session 2 | (IoFilterEvent^fire:117)
[DEBUG] - [2016/06/23 15:25:25.754]Event MESSAGE_SENT has been fired for session 2 | (IoFilterEvent^fire:117)
[DEBUG] - [2016/06/23 15:25:30.754]Firing a MESSAGE_RECEIVED event for session 2 | (IoFilterEvent^fire:68)
[DEBUG] - [2016/06/23 15:25:30.754]【NOTE】>>>>>> 收到客户端的数据：Hi，我是iOS客户端，我的时间戳 2082882826 | (EchoSeverHandler^messageReceived:57)
[DEBUG] - [2016/06/23 15:25:30.754]Event MESSAGE_RECEIVED has been fired for session 2 | (IoFilterEvent^fire:117)
[DEBUG] - [2016/06/23 15:25:30.754]Firing a MESSAGE_SENT event for session 2 | (IoFilterEvent^fire:68)
[DEBUG] - [2016/06/23 15:25:30.754]Event MESSAGE_SENT has been fired for session 2 | (IoFilterEvent^fire:117)
[DEBUG] - [2016/06/23 15:25:35.754]Firing a MESSAGE_RECEIVED event for session 2 | (IoFilterEvent^fire:68)
[DEBUG] - [2016/06/23 15:25:35.754]【NOTE】>>>>>> 收到客户端的数据：Hi，我是iOS客户端，我的时间戳 2082887827 | (EchoSeverHandler^messageReceived:57)
[DEBUG] - [2016/06/23 15:25:35.754]Event MESSAGE_RECEIVED has been fired for session 2 | (IoFilterEvent^fire:117)
[DEBUG] - [2016/06/23 15:25:35.754]Firing a MESSAGE_SENT event for session 2 | (IoFilterEvent^fire:68)
[DEBUG] - [2016/06/23 15:25:35.754]Event MESSAGE_SENT has been fired for session 2 | (IoFilterEvent^fire:117)
[DEBUG] - [2016/06/23 15:25:40.754]Firing a MESSAGE_RECEIVED event for session 2 | (IoFilterEvent^fire:68)
[DEBUG] - [2016/06/23 15:25:40.754]【NOTE】>>>>>> 收到客户端的数据：Hi，我是iOS客户端，我的时间戳 2082892827 | (EchoSeverHandler^messageReceived:57)
[DEBUG] - [2016/06/23 15:25:40.754]Event MESSAGE_RECEIVED has been fired for session 2 | (IoFilterEvent^fire:117)
[DEBUG] - [2016/06/23 15:25:40.754]Firing a MESSAGE_SENT event for session 2 | (IoFilterEvent^fire:68)
[DEBUG] - [2016/06/23 15:25:40.754]Event MESSAGE_SENT has been fired for session 2 | (IoFilterEvent^fire:117)
[DEBUG] - [2016/06/23 15:25:45.755]Firing a MESSAGE_RECEIVED event for session 2 | (IoFilterEvent^fire:68)
[DEBUG] - [2016/06/23 15:25:45.755]【NOTE】>>>>>> 收到客户端的数据：Hi，我是iOS客户端，我的时间戳 2082897825 | (EchoSeverHandler^messageReceived:57)
[DEBUG] - [2016/06/23 15:25:45.755]Event MESSAGE_RECEIVED has been fired for session 2 | (IoFilterEvent^fire:117)
[DEBUG] - [2016/06/23 15:25:45.755]Firing a MESSAGE_SENT event for session 2 | (IoFilterEvent^fire:68)
[DEBUG] - [2016/06/23 15:25:45.786]Event MESSAGE_SENT has been fired for session 2 | (IoFilterEvent^fire:117)
[DEBUG] - [2016/06/23 15:25:50.755]Firing a MESSAGE_RECEIVED event for session 2 | (IoFilterEvent^fire:68)
[DEBUG] - [2016/06/23 15:25:50.755]【NOTE】>>>>>> 收到客户端的数据：Hi，我是iOS客户端，我的时间戳 2082902823 | (EchoSeverHandler^messageReceived:57)
[DEBUG] - [2016/06/23 15:25:50.755]Event MESSAGE_RECEIVED has been fired for session 2 | (IoFilterEvent^fire:117)
[DEBUG] - [2016/06/23 15:25:50.755]Firing a MESSAGE_SENT event for session 2 | (IoFilterEvent^fire:68)
[DEBUG] - [2016/06/23 15:25:50.755]Event MESSAGE_SENT has been fired for session 2 | (IoFilterEvent^fire:117)
[DEBUG] - [2016/06/23 15:25:55.755]Firing a MESSAGE_RECEIVED event for session 2 | (IoFilterEvent^fire:68)
[DEBUG] - [2016/06/23 15:25:55.755]【NOTE】>>>>>> 收到客户端的数据：Hi，我是iOS客户端，我的时间戳 2082907825 | (EchoSeverHandler^messageReceived:57)
[DEBUG] - [2016/06/23 15:25:55.755]Event MESSAGE_RECEIVED has been fired for session 2 | (IoFilterEvent^fire:117)
[DEBUG] - [2016/06/23 15:25:55.755]Firing a MESSAGE_SENT event for session 2 | (IoFilterEvent^fire:68)
[DEBUG] - [2016/06/23 15:25:55.755]Event MESSAGE_SENT has been fired for session 2 | (IoFilterEvent^fire:117)
[DEBUG] - [2016/06/23 15:26:00.755]Firing a MESSAGE_RECEIVED event for session 2 | (IoFilterEvent^fire:68)
[DEBUG] - [2016/06/23 15:26:00.755]【NOTE】>>>>>> 收到客户端的数据：Hi，我是iOS客户端，我的时间戳 2082912823 | (EchoSeverHandler^messageReceived:57)
[DEBUG] - [2016/06/23 15:26:00.755]Event MESSAGE_RECEIVED has been fired for session 2 | (IoFilterEvent^fire:117)
[DEBUG] - [2016/06/23 15:26:00.755]Firing a MESSAGE_SENT event for session 2 | (IoFilterEvent^fire:68)
[DEBUG] - [2016/06/23 15:26:00.755]Event MESSAGE_SENT has been fired for session 2 | (IoFilterEvent^fire:117)
[DEBUG] - [2016/06/23 15:26:05.755]Firing a MESSAGE_RECEIVED event for session 2 | (IoFilterEvent^fire:68)
[DEBUG] - [2016/06/23 15:26:05.755]【NOTE】>>>>>> 收到客户端的数据：Hi，我是iOS客户端，我的时间戳 2082917828 | (EchoSeverHandler^messageReceived:57)
[DEBUG] - [2016/06/23 15:26:05.755]Event MESSAGE_RECEIVED has been fired for session 2 | (IoFilterEvent^fire:117)
[DEBUG] - [2016/06/23 15:26:05.755]Firing a MESSAGE_SENT event for session 2 | (IoFilterEvent^fire:68)
[DEBUG] - [2016/06/23 15:26:05.755]Event MESSAGE_SENT has been fired for session 2 | (IoFilterEvent^fire:117)
[DEBUG] - [2016/06/23 15:26:10.756]Firing a MESSAGE_RECEIVED event for session 2 | (IoFilterEvent^fire:68)
[DEBUG] - [2016/06/23 15:26:10.756]【NOTE】>>>>>> 收到客户端的数据：Hi，我是iOS客户端，我的时间戳 2082922827 | (EchoSeverHandler^messageReceived:57)
[DEBUG] - [2016/06/23 15:26:10.756]Event MESSAGE_RECEIVED has been fired for session 2 | (IoFilterEvent^fire:117)
[DEBUG] - [2016/06/23 15:26:10.756]Firing a MESSAGE_SENT event for session 2 | (IoFilterEvent^fire:68)
[DEBUG] - [2016/06/23 15:26:10.756]Event MESSAGE_SENT has been fired for session 2 | (IoFilterEvent^fire:117)
[DEBUG] - [2016/06/23 15:26:15.756]Firing a MESSAGE_RECEIVED event for session 2 | (IoFilterEvent^fire:68)
[DEBUG] - [2016/06/23 15:26:15.756]【NOTE】>>>>>> 收到客户端的数据：Hi，我是iOS客户端，我的时间戳 2082927828 | (EchoSeverHandler^messageReceived:57)
[DEBUG] - [2016/06/23 15:26:15.756]Event MESSAGE_RECEIVED has been fired for session 2 | (IoFilterEvent^fire:117)
[DEBUG] - [2016/06/23 15:26:15.756]Firing a MESSAGE_SENT event for session 2 | (IoFilterEvent^fire:68)
[DEBUG] - [2016/06/23 15:26:15.756]Event MESSAGE_SENT has been fired for session 2 | (IoFilterEvent^fire:117)
[DEBUG] - [2016/06/23 15:26:20.756]Firing a MESSAGE_RECEIVED event for session 2 | (IoFilterEvent^fire:68)
[DEBUG] - [2016/06/23 15:26:20.756]【NOTE】>>>>>> 收到客户端的数据：Hi，我是iOS客户端，我的时间戳 2082932828 | (EchoSeverHandler^messageReceived:57)
[DEBUG] - [2016/06/23 15:26:20.756]Event MESSAGE_RECEIVED has been fired for session 2 | (IoFilterEvent^fire:117)
[DEBUG] - [2016/06/23 15:26:20.756]Firing a MESSAGE_SENT event for session 2 | (IoFilterEvent^fire:68)
[DEBUG] - [2016/06/23 15:26:20.756]Event MESSAGE_SENT has been fired for session 2 | (IoFilterEvent^fire:117)
[DEBUG] - [2016/06/23 15:26:25.756]Firing a MESSAGE_RECEIVED event for session 2 | (IoFilterEvent^fire:68)
[DEBUG] - [2016/06/23 15:26:25.756]【NOTE】>>>>>> 收到客户端的数据：Hi，我是iOS客户端，我的时间戳 2082937828 | (EchoSeverHandler^messageReceived:57)
[DEBUG] - [2016/06/23 15:26:25.756]Event MESSAGE_RECEIVED has been fired for session 2 | (IoFilterEvent^fire:117)
[DEBUG] - [2016/06/23 15:26:25.756]Firing a MESSAGE_SENT event for session 2 | (IoFilterEvent^fire:68)
[DEBUG] - [2016/06/23 15:26:25.756]Event MESSAGE_SENT has been fired for session 2 | (IoFilterEvent^fire:117)
[DEBUG] - [2016/06/23 15:26:30.757]Firing a MESSAGE_RECEIVED event for session 2 | (IoFilterEvent^fire:68)
[DEBUG] - [2016/06/23 15:26:30.757]【NOTE】>>>>>> 收到客户端的数据：Hi，我是iOS客户端，我的时间戳 2082942828 | (EchoSeverHandler^messageReceived:57)
[DEBUG] - [2016/06/23 15:26:30.757]Event MESSAGE_RECEIVED has been fired for session 2 | (IoFilterEvent^fire:117)
[DEBUG] - [2016/06/23 15:26:30.757]Firing a MESSAGE_SENT event for session 2 | (IoFilterEvent^fire:68)
[DEBUG] - [2016/06/23 15:26:30.757]Event MESSAGE_SENT has been fired for session 2 | (IoFilterEvent^fire:117)
[DEBUG] - [2016/06/23 15:26:35.773]Firing a MESSAGE_RECEIVED event for session 2 | (IoFilterEvent^fire:68)
[DEBUG] - [2016/06/23 15:26:35.773]【NOTE】>>>>>> 收到客户端的数据：Hi，我是iOS客户端，我的时间戳 2082947828 | (EchoSeverHandler^messageReceived:57)
[DEBUG] - [2016/06/23 15:26:35.773]Event MESSAGE_RECEIVED has been fired for session 2 | (IoFilterEvent^fire:117)
[DEBUG] - [2016/06/23 15:26:35.773]Firing a MESSAGE_SENT event for session 2 | (IoFilterEvent^fire:68)
[DEBUG] - [2016/06/23 15:26:35.773]Event MESSAGE_SENT has been fired for session 2 | (IoFilterEvent^fire:117)
[DEBUG] - [2016/06/23 15:26:40.757]Firing a MESSAGE_RECEIVED event for session 2 | (IoFilterEvent^fire:68)
[DEBUG] - [2016/06/23 15:26:40.757]【NOTE】>>>>>> 收到客户端的数据：Hi，我是iOS客户端，我的时间戳 2082952829 | (EchoSeverHandler^messageReceived:57)
[DEBUG] - [2016/06/23 15:26:40.789]Event MESSAGE_RECEIVED has been fired for session 2 | (IoFilterEvent^fire:117)
[DEBUG] - [2016/06/23 15:26:40.789]Firing a MESSAGE_SENT event for session 2 | (IoFilterEvent^fire:68)
[DEBUG] - [2016/06/23 15:26:40.789]Event MESSAGE_SENT has been fired for session 2 | (IoFilterEvent^fire:117)
[DEBUG] - [2016/06/23 15:26:45.758]Firing a MESSAGE_RECEIVED event for session 2 | (IoFilterEvent^fire:68)
[DEBUG] - [2016/06/23 15:26:45.758]【NOTE】>>>>>> 收到客户端的数据：Hi，我是iOS客户端，我的时间戳 2082957829 | (EchoSeverHandler^messageReceived:57)
[DEBUG] - [2016/06/23 15:26:45.758]Event MESSAGE_RECEIVED has been fired for session 2 | (IoFilterEvent^fire:117)
[DEBUG] - [2016/06/23 15:26:45.758]Firing a MESSAGE_SENT event for session 2 | (IoFilterEvent^fire:68)
[DEBUG] - [2016/06/23 15:26:45.773]Event MESSAGE_SENT has been fired for session 2 | (IoFilterEvent^fire:117)
[DEBUG] - [2016/06/23 15:26:50.758]Firing a MESSAGE_RECEIVED event for session 2 | (IoFilterEvent^fire:68)
[DEBUG] - [2016/06/23 15:26:50.758]【NOTE】>>>>>> 收到客户端的数据：Hi，我是iOS客户端，我的时间戳 2082962829 | (EchoSeverHandler^messageReceived:57)
[DEBUG] - [2016/06/23 15:26:50.758]Event MESSAGE_RECEIVED has been fired for session 2 | (IoFilterEvent^fire:117)
[DEBUG] - [2016/06/23 15:26:50.758]Firing a MESSAGE_SENT event for session 2 | (IoFilterEvent^fire:68)
[DEBUG] - [2016/06/23 15:26:50.758]Event MESSAGE_SENT has been fired for session 2 | (IoFilterEvent^fire:117)
[DEBUG] - [2016/06/23 15:26:55.758]Firing a MESSAGE_RECEIVED event for session 2 | (IoFilterEvent^fire:68)
[DEBUG] - [2016/06/23 15:26:55.758]【NOTE】>>>>>> 收到客户端的数据：Hi，我是iOS客户端，我的时间戳 2082967829 | (EchoSeverHandler^messageReceived:57)
[DEBUG] - [2016/06/23 15:26:55.758]Event MESSAGE_RECEIVED has been fired for session 2 | (IoFilterEvent^fire:117)
[DEBUG] - [2016/06/23 15:26:55.758]Firing a MESSAGE_SENT event for session 2 | (IoFilterEvent^fire:68)
[DEBUG] - [2016/06/23 15:26:55.758]Event MESSAGE_SENT has been fired for session 2 | (IoFilterEvent^fire:117)
[DEBUG] - [2016/06/23 15:27:00.759]Firing a MESSAGE_RECEIVED event for session 2 | (IoFilterEvent^fire:68)
[DEBUG] - [2016/06/23 15:27:00.759]【NOTE】>>>>>> 收到客户端的数据：Hi，我是iOS客户端，我的时间戳 2082972829 | (EchoSeverHandler^messageReceived:57)
[DEBUG] - [2016/06/23 15:27:00.759]Event MESSAGE_RECEIVED has been fired for session 2 | (IoFilterEvent^fire:117)
[DEBUG] - [2016/06/23 15:27:00.759]Firing a MESSAGE_SENT event for session 2 | (IoFilterEvent^fire:68)
[DEBUG] - [2016/06/23 15:27:00.759]Event MESSAGE_SENT has been fired for session 2 | (IoFilterEvent^fire:117)
[DEBUG] - [2016/06/23 15:27:05.759]Firing a MESSAGE_RECEIVED event for session 2 | (IoFilterEvent^fire:68)
[DEBUG] - [2016/06/23 15:27:05.759]【NOTE】>>>>>> 收到客户端的数据：Hi，我是iOS客户端，我的时间戳 2082977828 | (EchoSeverHandler^messageReceived:57)
[DEBUG] - [2016/06/23 15:27:05.759]Event MESSAGE_RECEIVED has been fired for session 2 | (IoFilterEvent^fire:117)
[DEBUG] - [2016/06/23 15:27:05.759]Firing a MESSAGE_SENT event for session 2 | (IoFilterEvent^fire:68)
[DEBUG] - [2016/06/23 15:27:05.759]Event MESSAGE_SENT has been fired for session 2 | (IoFilterEvent^fire:117)
[DEBUG] - [2016/06/23 15:27:10.759]Firing a MESSAGE_RECEIVED event for session 2 | (IoFilterEvent^fire:68)
[DEBUG] - [2016/06/23 15:27:10.759]【NOTE】>>>>>> 收到客户端的数据：Hi，我是iOS客户端，我的时间戳 2082982830 | (EchoSeverHandler^messageReceived:57)
[DEBUG] - [2016/06/23 15:27:10.759]Event MESSAGE_RECEIVED has been fired for session 2 | (IoFilterEvent^fire:117)
[DEBUG] - [2016/06/23 15:27:10.759]Firing a MESSAGE_SENT event for session 2 | (IoFilterEvent^fire:68)
[DEBUG] - [2016/06/23 15:27:10.759]Event MESSAGE_SENT has been fired for session 2 | (IoFilterEvent^fire:117)
[DEBUG] - [2016/06/23 15:27:15.760]Firing a MESSAGE_RECEIVED event for session 2 | (IoFilterEvent^fire:68)
[DEBUG] - [2016/06/23 15:27:15.760]【NOTE】>>>>>> 收到客户端的数据：Hi，我是iOS客户端，我的时间戳 2082987828 | (EchoSeverHandler^messageReceived:57)
[DEBUG] - [2016/06/23 15:27:15.760]Event MESSAGE_RECEIVED has been fired for session 2 | (IoFilterEvent^fire:117)
[DEBUG] - [2016/06/23 15:27:15.760]Firing a MESSAGE_SENT event for session 2 | (IoFilterEvent^fire:68)
[DEBUG] - [2016/06/23 15:27:15.760]Event MESSAGE_SENT has been fired for session 2 | (IoFilterEvent^fire:117)
[DEBUG] - [2016/06/23 15:27:20.760]Firing a MESSAGE_RECEIVED event for session 2 | (IoFilterEvent^fire:68)
[DEBUG] - [2016/06/23 15:27:20.760]【NOTE】>>>>>> 收到客户端的数据：Hi，我是iOS客户端，我的时间戳 2082992829 | (EchoSeverHandler^messageReceived:57)
[DEBUG] - [2016/06/23 15:27:20.760]Event MESSAGE_RECEIVED has been fired for session 2 | (IoFilterEvent^fire:117)
[DEBUG] - [2016/06/23 15:27:20.760]Firing a MESSAGE_SENT event for session 2 | (IoFilterEvent^fire:68)
[DEBUG] - [2016/06/23 15:27:20.760]Event MESSAGE_SENT has been fired for session 2 | (IoFilterEvent^fire:117)
[DEBUG] - [2016/06/23 15:27:25.760]Firing a MESSAGE_RECEIVED event for session 2 | (IoFilterEvent^fire:68)
[DEBUG] - [2016/06/23 15:27:25.760]【NOTE】>>>>>> 收到客户端的数据：Hi，我是iOS客户端，我的时间戳 2082997826 | (EchoSeverHandler^messageReceived:57)
[DEBUG] - [2016/06/23 15:27:25.760]Event MESSAGE_RECEIVED has been fired for session 2 | (IoFilterEvent^fire:117)
[DEBUG] - [2016/06/23 15:27:25.760]Firing a MESSAGE_SENT event for session 2 | (IoFilterEvent^fire:68)
[DEBUG] - [2016/06/23 15:27:25.760]Event MESSAGE_SENT has been fired for session 2 | (IoFilterEvent^fire:117)
[DEBUG] - [2016/06/23 15:27:30.761]Firing a MESSAGE_RECEIVED event for session 2 | (IoFilterEvent^fire:68)
[DEBUG] - [2016/06/23 15:27:30.761]【NOTE】>>>>>> 收到客户端的数据：Hi，我是iOS客户端，我的时间戳 2083002830 | (EchoSeverHandler^messageReceived:57)
[DEBUG] - [2016/06/23 15:27:30.761]Event MESSAGE_RECEIVED has been fired for session 2 | (IoFilterEvent^fire:117)
[DEBUG] - [2016/06/23 15:27:30.761]Firing a MESSAGE_SENT event for session 2 | (IoFilterEvent^fire:68)
[DEBUG] - [2016/06/23 15:27:30.761]Event MESSAGE_SENT has been fired for session 2 | (IoFilterEvent^fire:117)
[DEBUG] - [2016/06/23 15:27:35.761]Firing a MESSAGE_RECEIVED event for session 2 | (IoFilterEvent^fire:68)
[DEBUG] - [2016/06/23 15:27:35.761]【NOTE】>>>>>> 收到客户端的数据：Hi，我是iOS客户端，我的时间戳 2083007829 | (EchoSeverHandler^messageReceived:57)
[DEBUG] - [2016/06/23 15:27:35.776]Event MESSAGE_RECEIVED has been fired for session 2 | (IoFilterEvent^fire:117)
[DEBUG] - [2016/06/23 15:27:35.776]Firing a MESSAGE_SENT event for session 2 | (IoFilterEvent^fire:68)
[DEBUG] - [2016/06/23 15:27:35.792]Event MESSAGE_SENT has been fired for session 2 | (IoFilterEvent^fire:117)
[DEBUG] - [2016/06/23 15:27:40.761]Firing a MESSAGE_RECEIVED event for session 2 | (IoFilterEvent^fire:68)
[DEBUG] - [2016/06/23 15:27:40.761]【NOTE】>>>>>> 收到客户端的数据：Hi，我是iOS客户端，我的时间戳 2083012829 | (EchoSeverHandler^messageReceived:57)
[DEBUG] - [2016/06/23 15:27:40.761]Event MESSAGE_RECEIVED has been fired for session 2 | (IoFilterEvent^fire:117)
[DEBUG] - [2016/06/23 15:27:40.761]Firing a MESSAGE_SENT event for session 2 | (IoFilterEvent^fire:68)
[DEBUG] - [2016/06/23 15:27:40.777]Event MESSAGE_SENT has been fired for session 2 | (IoFilterEvent^fire:117)
[DEBUG] - [2016/06/23 15:27:45.761]Firing a MESSAGE_RECEIVED event for session 2 | (IoFilterEvent^fire:68)
[DEBUG] - [2016/06/23 15:27:45.761]【NOTE】>>>>>> 收到客户端的数据：Hi，我是iOS客户端，我的时间戳 2083017829 | (EchoSeverHandler^messageReceived:57)
[DEBUG] - [2016/06/23 15:27:45.761]Event MESSAGE_RECEIVED has been fired for session 2 | (IoFilterEvent^fire:117)
[DEBUG] - [2016/06/23 15:27:45.761]Firing a MESSAGE_SENT event for session 2 | (IoFilterEvent^fire:68)
[DEBUG] - [2016/06/23 15:27:45.761]Event MESSAGE_SENT has been fired for session 2 | (IoFilterEvent^fire:117)
[DEBUG] - [2016/06/23 15:27:50.762]Firing a MESSAGE_RECEIVED event for session 2 | (IoFilterEvent^fire:68)
[DEBUG] - [2016/06/23 15:27:50.762]【NOTE】>>>>>> 收到客户端的数据：Hi，我是iOS客户端，我的时间戳 2083022829 | (EchoSeverHandler^messageReceived:57)
[DEBUG] - [2016/06/23 15:27:50.762]Event MESSAGE_RECEIVED has been fired for session 2 | (IoFilterEvent^fire:117)
[DEBUG] - [2016/06/23 15:27:50.762]Firing a MESSAGE_SENT event for session 2 | (IoFilterEvent^fire:68)
[DEBUG] - [2016/06/23 15:27:50.762]Event MESSAGE_SENT has been fired for session 2 | (IoFilterEvent^fire:117)
[DEBUG] - [2016/06/23 15:27:55.762]Firing a MESSAGE_RECEIVED event for session 2 | (IoFilterEvent^fire:68)
[DEBUG] - [2016/06/23 15:27:55.762]【NOTE】>>>>>> 收到客户端的数据：Hi，我是iOS客户端，我的时间戳 2083027828 | (EchoSeverHandler^messageReceived:57)
[DEBUG] - [2016/06/23 15:27:55.762]Event MESSAGE_RECEIVED has been fired for session 2 | (IoFilterEvent^fire:117)
[DEBUG] - [2016/06/23 15:27:55.762]Firing a MESSAGE_SENT event for session 2 | (IoFilterEvent^fire:68)
[DEBUG] - [2016/06/23 15:27:55.762]Event MESSAGE_SENT has been fired for session 2 | (IoFilterEvent^fire:117)
[DEBUG] - [2016/06/23 15:28:00.762]Firing a MESSAGE_RECEIVED event for session 2 | (IoFilterEvent^fire:68)
[DEBUG] - [2016/06/23 15:28:00.762]【NOTE】>>>>>> 收到客户端的数据：Hi，我是iOS客户端，我的时间戳 2083032829 | (EchoSeverHandler^messageReceived:57)
[DEBUG] - [2016/06/23 15:28:00.762]Event MESSAGE_RECEIVED has been fired for session 2 | (IoFilterEvent^fire:117)
[DEBUG] - [2016/06/23 15:28:00.762]Firing a MESSAGE_SENT event for session 2 | (IoFilterEvent^fire:68)
[DEBUG] - [2016/06/23 15:28:00.762]Event MESSAGE_SENT has been fired for session 2 | (IoFilterEvent^fire:117)
[DEBUG] - [2016/06/23 15:28:05.763]Firing a MESSAGE_RECEIVED event for session 2 | (IoFilterEvent^fire:68)
[DEBUG] - [2016/06/23 15:28:05.763]【NOTE】>>>>>> 收到客户端的数据：Hi，我是iOS客户端，我的时间戳 2083037831 | (EchoSeverHandler^messageReceived:57)
[DEBUG] - [2016/06/23 15:28:05.763]Event MESSAGE_RECEIVED has been fired for session 2 | (IoFilterEvent^fire:117)
[DEBUG] - [2016/06/23 15:28:05.763]Firing a MESSAGE_SENT event for session 2 | (IoFilterEvent^fire:68)
[DEBUG] - [2016/06/23 15:28:05.763]Event MESSAGE_SENT has been fired for session 2 | (IoFilterEvent^fire:117)
[DEBUG] - [2016/06/23 15:28:10.763]Firing a MESSAGE_RECEIVED event for session 2 | (IoFilterEvent^fire:68)
[DEBUG] - [2016/06/23 15:28:10.763]【NOTE】>>>>>> 收到客户端的数据：Hi，我是iOS客户端，我的时间戳 2083042830 | (EchoSeverHandler^messageReceived:57)
[DEBUG] - [2016/06/23 15:28:10.763]Event MESSAGE_RECEIVED has been fired for session 2 | (IoFilterEvent^fire:117)
[DEBUG] - [2016/06/23 15:28:10.763]Firing a MESSAGE_SENT event for session 2 | (IoFilterEvent^fire:68)
[DEBUG] - [2016/06/23 15:28:10.763]Event MESSAGE_SENT has been fired for session 2 | (IoFilterEvent^fire:117)
[DEBUG] - [2016/06/23 15:28:15.763]Firing a MESSAGE_RECEIVED event for session 2 | (IoFilterEvent^fire:68)
[DEBUG] - [2016/06/23 15:28:15.763]【NOTE】>>>>>> 收到客户端的数据：Hi，我是iOS客户端，我的时间戳 2083047829 | (EchoSeverHandler^messageReceived:57)
[DEBUG] - [2016/06/23 15:28:15.763]Event MESSAGE_RECEIVED has been fired for session 2 | (IoFilterEvent^fire:117)
[DEBUG] - [2016/06/23 15:28:15.763]Firing a MESSAGE_SENT event for session 2 | (IoFilterEvent^fire:68)
[DEBUG] - [2016/06/23 15:28:15.763]Event MESSAGE_SENT has been fired for session 2 | (IoFilterEvent^fire:117)
[DEBUG] - [2016/06/23 15:28:20.763]Firing a MESSAGE_RECEIVED event for session 2 | (IoFilterEvent^fire:68)
[DEBUG] - [2016/06/23 15:28:20.763]【NOTE】>>>>>> 收到客户端的数据：Hi，我是iOS客户端，我的时间戳 2083052829 | (EchoSeverHandler^messageReceived:57)
[DEBUG] - [2016/06/23 15:28:20.763]Event MESSAGE_RECEIVED has been fired for session 2 | (IoFilterEvent^fire:117)
[DEBUG] - [2016/06/23 15:28:20.763]Firing a MESSAGE_SENT event for session 2 | (IoFilterEvent^fire:68)
[DEBUG] - [2016/06/23 15:28:20.763]Event MESSAGE_SENT has been fired for session 2 | (IoFilterEvent^fire:117)
[DEBUG] - [2016/06/23 15:28:25.764]Firing a MESSAGE_RECEIVED event for session 2 | (IoFilterEvent^fire:68)
[DEBUG] - [2016/06/23 15:28:25.764]【NOTE】>>>>>> 收到客户端的数据：Hi，我是iOS客户端，我的时间戳 2083057831 | (EchoSeverHandler^messageReceived:57)
[DEBUG] - [2016/06/23 15:28:25.764]Event MESSAGE_RECEIVED has been fired for session 2 | (IoFilterEvent^fire:117)
[DEBUG] - [2016/06/23 15:28:25.764]Firing a MESSAGE_SENT event for session 2 | (IoFilterEvent^fire:68)
[DEBUG] - [2016/06/23 15:28:25.764]Event MESSAGE_SENT has been fired for session 2 | (IoFilterEvent^fire:117)
[DEBUG] - [2016/06/23 15:28:30.748]Firing a MESSAGE_RECEIVED event for session 2 | (IoFilterEvent^fire:68)
[DEBUG] - [2016/06/23 15:28:30.748]【NOTE】>>>>>> 收到客户端的数据：Hi，我是iOS客户端，我的时间戳 2083062827 | (EchoSeverHandler^messageReceived:57)
[DEBUG] - [2016/06/23 15:28:30.748]Event MESSAGE_RECEIVED has been fired for session 2 | (IoFilterEvent^fire:117)
[DEBUG] - [2016/06/23 15:28:30.748]Firing a MESSAGE_SENT event for session 2 | (IoFilterEvent^fire:68)
[DEBUG] - [2016/06/23 15:28:30.748]Event MESSAGE_SENT has been fired for session 2 | (IoFilterEvent^fire:117)
[DEBUG] - [2016/06/23 15:28:35.780]Firing a MESSAGE_RECEIVED event for session 2 | (IoFilterEvent^fire:68)
[DEBUG] - [2016/06/23 15:28:35.780]【NOTE】>>>>>> 收到客户端的数据：Hi，我是iOS客户端，我的时间戳 2083067832 | (EchoSeverHandler^messageReceived:57)
[DEBUG] - [2016/06/23 15:28:35.780]Event MESSAGE_RECEIVED has been fired for session 2 | (IoFilterEvent^fire:117)
[DEBUG] - [2016/06/23 15:28:35.780]Firing a MESSAGE_SENT event for session 2 | (IoFilterEvent^fire:68)
[DEBUG] - [2016/06/23 15:28:35.780]Event MESSAGE_SENT has been fired for session 2 | (IoFilterEvent^fire:117)
[DEBUG] - [2016/06/23 15:28:40.764]Firing a MESSAGE_RECEIVED event for session 2 | (IoFilterEvent^fire:68)
[DEBUG] - [2016/06/23 15:28:40.764]【NOTE】>>>>>> 收到客户端的数据：Hi，我是iOS客户端，我的时间戳 2083072828 | (EchoSeverHandler^messageReceived:57)
[DEBUG] - [2016/06/23 15:28:40.764]Event MESSAGE_RECEIVED has been fired for session 2 | (IoFilterEvent^fire:117)
[DEBUG] - [2016/06/23 15:28:40.764]Firing a MESSAGE_SENT event for session 2 | (IoFilterEvent^fire:68)
[DEBUG] - [2016/06/23 15:28:40.764]Event MESSAGE_SENT has been fired for session 2 | (IoFilterEvent^fire:117)
[DEBUG] - [2016/06/23 15:28:45.764]Firing a MESSAGE_RECEIVED event for session 2 | (IoFilterEvent^fire:68)
[DEBUG] - [2016/06/23 15:28:45.764]【NOTE】>>>>>> 收到客户端的数据：Hi，我是iOS客户端，我的时间戳 2083077830 | (EchoSeverHandler^messageReceived:57)
[DEBUG] - [2016/06/23 15:28:45.764]Event MESSAGE_RECEIVED has been fired for session 2 | (IoFilterEvent^fire:117)
[DEBUG] - [2016/06/23 15:28:45.764]Firing a MESSAGE_SENT event for session 2 | (IoFilterEvent^fire:68)
[DEBUG] - [2016/06/23 15:28:45.764]Event MESSAGE_SENT has been fired for session 2 | (IoFilterEvent^fire:117)
[DEBUG] - [2016/06/23 15:28:50.765]Firing a MESSAGE_RECEIVED event for session 2 | (IoFilterEvent^fire:68)
[DEBUG] - [2016/06/23 15:28:50.765]【NOTE】>>>>>> 收到客户端的数据：Hi，我是iOS客户端，我的时间戳 2083082831 | (EchoSeverHandler^messageReceived:57)
[DEBUG] - [2016/06/23 15:28:50.765]Event MESSAGE_RECEIVED has been fired for session 2 | (IoFilterEvent^fire:117)
[DEBUG] - [2016/06/23 15:28:50.765]Firing a MESSAGE_SENT event for session 2 | (IoFilterEvent^fire:68)
[DEBUG] - [2016/06/23 15:28:50.765]Event MESSAGE_SENT has been fired for session 2 | (IoFilterEvent^fire:117)
[DEBUG] - [2016/06/23 15:28:55.765]Firing a MESSAGE_RECEIVED event for session 2 | (IoFilterEvent^fire:68)
[DEBUG] - [2016/06/23 15:28:55.765]【NOTE】>>>>>> 收到客户端的数据：Hi，我是iOS客户端，我的时间戳 2083087829 | (EchoSeverHandler^messageReceived:57)
[DEBUG] - [2016/06/23 15:28:55.765]Event MESSAGE_RECEIVED has been fired for session 2 | (IoFilterEvent^fire:117)
[DEBUG] - [2016/06/23 15:28:55.765]Firing a MESSAGE_SENT event for session 2 | (IoFilterEvent^fire:68)
[DEBUG] - [2016/06/23 15:28:55.765]Event MESSAGE_SENT has been fired for session 2 | (IoFilterEvent^fire:117)
[DEBUG] - [2016/06/23 15:29:00.765]Firing a MESSAGE_RECEIVED event for session 2 | (IoFilterEvent^fire:68)
[DEBUG] - [2016/06/23 15:29:00.765]【NOTE】>>>>>> 收到客户端的数据：Hi，我是iOS客户端，我的时间戳 2083092829 | (EchoSeverHandler^messageReceived:57)
[DEBUG] - [2016/06/23 15:29:00.765]Event MESSAGE_RECEIVED has been fired for session 2 | (IoFilterEvent^fire:117)
[DEBUG] - [2016/06/23 15:29:00.765]Firing a MESSAGE_SENT event for session 2 | (IoFilterEvent^fire:68)
[DEBUG] - [2016/06/23 15:29:00.765]Event MESSAGE_SENT has been fired for session 2 | (IoFilterEvent^fire:117)
[DEBUG] - [2016/06/23 15:29:05.765]Firing a MESSAGE_RECEIVED event for session 2 | (IoFilterEvent^fire:68)
[DEBUG] - [2016/06/23 15:29:05.765]【NOTE】>>>>>> 收到客户端的数据：Hi，我是iOS客户端，我的时间戳 2083097829 | (EchoSeverHandler^messageReceived:57)
[DEBUG] - [2016/06/23 15:29:05.765]Event MESSAGE_RECEIVED has been fired for session 2 | (IoFilterEvent^fire:117)
[DEBUG] - [2016/06/23 15:29:05.765]Firing a MESSAGE_SENT event for session 2 | (IoFilterEvent^fire:68)
[DEBUG] - [2016/06/23 15:29:05.765]Event MESSAGE_SENT has been fired for session 2 | (IoFilterEvent^fire:117)
[DEBUG] - [2016/06/23 15:29:10.765]Firing a MESSAGE_RECEIVED event for session 2 | (IoFilterEvent^fire:68)
[DEBUG] - [2016/06/23 15:29:10.765]【NOTE】>>>>>> 收到客户端的数据：Hi，我是iOS客户端，我的时间戳 2083102833 | (EchoSeverHandler^messageReceived:57)
[DEBUG] - [2016/06/23 15:29:10.765]Event MESSAGE_RECEIVED has been fired for session 2 | (IoFilterEvent^fire:117)
[DEBUG] - [2016/06/23 15:29:10.765]Firing a MESSAGE_SENT event for session 2 | (IoFilterEvent^fire:68)
[DEBUG] - [2016/06/23 15:29:10.765]Event MESSAGE_SENT has been fired for session 2 | (IoFilterEvent^fire:117)
[DEBUG] - [2016/06/23 15:29:15.766]Firing a MESSAGE_RECEIVED event for session 2 | (IoFilterEvent^fire:68)
[DEBUG] - [2016/06/23 15:29:15.766]【NOTE】>>>>>> 收到客户端的数据：Hi，我是iOS客户端，我的时间戳 2083107830 | (EchoSeverHandler^messageReceived:57)
[DEBUG] - [2016/06/23 15:29:15.766]Event MESSAGE_RECEIVED has been fired for session 2 | (IoFilterEvent^fire:117)
[DEBUG] - [2016/06/23 15:29:15.766]Firing a MESSAGE_SENT event for session 2 | (IoFilterEvent^fire:68)
[DEBUG] - [2016/06/23 15:29:15.766]Event MESSAGE_SENT has been fired for session 2 | (IoFilterEvent^fire:117)
[DEBUG] - [2016/06/23 15:29:20.766]Firing a MESSAGE_RECEIVED event for session 2 | (IoFilterEvent^fire:68)
[DEBUG] - [2016/06/23 15:29:20.766]【NOTE】>>>>>> 收到客户端的数据：Hi，我是iOS客户端，我的时间戳 2083112833 | (EchoSeverHandler^messageReceived:57)
[DEBUG] - [2016/06/23 15:29:20.766]Event MESSAGE_RECEIVED has been fired for session 2 | (IoFilterEvent^fire:117)
[DEBUG] - [2016/06/23 15:29:20.766]Firing a MESSAGE_SENT event for session 2 | (IoFilterEvent^fire:68)
[DEBUG] - [2016/06/23 15:29:20.766]Event MESSAGE_SENT has been fired for session 2 | (IoFilterEvent^fire:117)
[DEBUG] - [2016/06/23 15:29:25.766]Firing a MESSAGE_RECEIVED event for session 2 | (IoFilterEvent^fire:68)
[DEBUG] - [2016/06/23 15:29:25.766]【NOTE】>>>>>> 收到客户端的数据：Hi，我是iOS客户端，我的时间戳 2083117831 | (EchoSeverHandler^messageReceived:57)
[DEBUG] - [2016/06/23 15:29:25.782]Firing a MESSAGE_SENT event for session 2 | (IoFilterEvent^fire:68)
[DEBUG] - [2016/06/23 15:29:25.782]Event MESSAGE_SENT has been fired for session 2 | (IoFilterEvent^fire:117)
[DEBUG] - [2016/06/23 15:29:25.797]Event MESSAGE_RECEIVED has been fired for session 2 | (IoFilterEvent^fire:117)
[DEBUG] - [2016/06/23 15:29:30.766]Firing a MESSAGE_RECEIVED event for session 2 | (IoFilterEvent^fire:68)
[DEBUG] - [2016/06/23 15:29:30.766]【NOTE】>>>>>> 收到客户端的数据：Hi，我是iOS客户端，我的时间戳 2083122831 | (EchoSeverHandler^messageReceived:57)
[DEBUG] - [2016/06/23 15:29:30.766]Event MESSAGE_RECEIVED has been fired for session 2 | (IoFilterEvent^fire:117)
[DEBUG] - [2016/06/23 15:29:30.766]Firing a MESSAGE_SENT event for session 2 | (IoFilterEvent^fire:68)
[DEBUG] - [2016/06/23 15:29:30.766]Event MESSAGE_SENT has been fired for session 2 | (IoFilterEvent^fire:117)
[DEBUG] - [2016/06/23 15:29:35.765]Firing a MESSAGE_RECEIVED event for session 2 | (IoFilterEvent^fire:68)
[DEBUG] - [2016/06/23 15:29:35.765]【NOTE】>>>>>> 收到客户端的数据：Hi，我是iOS客户端，我的时间戳 2083127829 | (EchoSeverHandler^messageReceived:57)
[DEBUG] - [2016/06/23 15:29:35.765]Event MESSAGE_RECEIVED has been fired for session 2 | (IoFilterEvent^fire:117)
[DEBUG] - [2016/06/23 15:29:35.765]Firing a MESSAGE_SENT event for session 2 | (IoFilterEvent^fire:68)
[DEBUG] - [2016/06/23 15:29:35.765]Event MESSAGE_SENT has been fired for session 2 | (IoFilterEvent^fire:117)
[DEBUG] - [2016/06/23 15:29:40.765]Firing a MESSAGE_RECEIVED event for session 2 | (IoFilterEvent^fire:68)
[DEBUG] - [2016/06/23 15:29:40.780]【NOTE】>>>>>> 收到客户端的数据：Hi，我是iOS客户端，我的时间戳 2083132833 | (EchoSeverHandler^messageReceived:57)
[DEBUG] - [2016/06/23 15:29:40.780]Event MESSAGE_RECEIVED has been fired for session 2 | (IoFilterEvent^fire:117)
[DEBUG] - [2016/06/23 15:29:40.780]Firing a MESSAGE_SENT event for session 2 | (IoFilterEvent^fire:68)
[DEBUG] - [2016/06/23 15:29:40.780]Event MESSAGE_SENT has been fired for session 2 | (IoFilterEvent^fire:117)
[DEBUG] - [2016/06/23 15:29:45.764]Firing a MESSAGE_RECEIVED event for session 2 | (IoFilterEvent^fire:68)
[DEBUG] - [2016/06/23 15:29:45.764]【NOTE】>>>>>> 收到客户端的数据：Hi，我是iOS客户端，我的时间戳 2083137829 | (EchoSeverHandler^messageReceived:57)
[DEBUG] - [2016/06/23 15:29:45.764]Event MESSAGE_RECEIVED has been fired for session 2 | (IoFilterEvent^fire:117)
[DEBUG] - [2016/06/23 15:29:45.764]Firing a MESSAGE_SENT event for session 2 | (IoFilterEvent^fire:68)
[DEBUG] - [2016/06/23 15:29:45.764]Event MESSAGE_SENT has been fired for session 2 | (IoFilterEvent^fire:117)
[DEBUG] - [2016/06/23 15:29:50.764]Firing a MESSAGE_RECEIVED event for session 2 | (IoFilterEvent^fire:68)
[DEBUG] - [2016/06/23 15:29:50.764]【NOTE】>>>>>> 收到客户端的数据：Hi，我是iOS客户端，我的时间戳 2083142833 | (EchoSeverHandler^messageReceived:57)
[DEBUG] - [2016/06/23 15:29:50.764]Event MESSAGE_RECEIVED has been fired for session 2 | (IoFilterEvent^fire:117)
[DEBUG] - [2016/06/23 15:29:50.764]Firing a MESSAGE_SENT event for session 2 | (IoFilterEvent^fire:68)
[DEBUG] - [2016/06/23 15:29:50.764]Event MESSAGE_SENT has been fired for session 2 | (IoFilterEvent^fire:117)
[DEBUG] - [2016/06/23 15:29:55.764]Firing a MESSAGE_RECEIVED event for session 2 | (IoFilterEvent^fire:68)
[DEBUG] - [2016/06/23 15:29:55.764]【NOTE】>>>>>> 收到客户端的数据：Hi，我是iOS客户端，我的时间戳 2083147834 | (EchoSeverHandler^messageReceived:57)
[DEBUG] - [2016/06/23 15:29:55.764]Event MESSAGE_RECEIVED has been fired for session 2 | (IoFilterEvent^fire:117)
[DEBUG] - [2016/06/23 15:29:55.764]Firing a MESSAGE_SENT event for session 2 | (IoFilterEvent^fire:68)
[DEBUG] - [2016/06/23 15:29:55.764]Event MESSAGE_SENT has been fired for session 2 | (IoFilterEvent^fire:117)
[DEBUG] - [2016/06/23 15:30:00.763]Firing a MESSAGE_RECEIVED event for session 2 | (IoFilterEvent^fire:68)
[DEBUG] - [2016/06/23 15:30:00.763]【NOTE】>>>>>> 收到客户端的数据：Hi，我是iOS客户端，我的时间戳 2083152832 | (EchoSeverHandler^messageReceived:57)
[DEBUG] - [2016/06/23 15:30:00.763]Event MESSAGE_RECEIVED has been fired for session 2 | (IoFilterEvent^fire:117)
[DEBUG] - [2016/06/23 15:30:00.763]Firing a MESSAGE_SENT event for session 2 | (IoFilterEvent^fire:68)
[DEBUG] - [2016/06/23 15:30:00.763]Event MESSAGE_SENT has been fired for session 2 | (IoFilterEvent^fire:117)
[DEBUG] - [2016/06/23 15:30:05.763]Firing a MESSAGE_RECEIVED event for session 2 | (IoFilterEvent^fire:68)
[DEBUG] - [2016/06/23 15:30:05.763]【NOTE】>>>>>> 收到客户端的数据：Hi，我是iOS客户端，我的时间戳 2083157832 | (EchoSeverHandler^messageReceived:57)
[DEBUG] - [2016/06/23 15:30:05.763]Event MESSAGE_RECEIVED has been fired for session 2 | (IoFilterEvent^fire:117)
[DEBUG] - [2016/06/23 15:30:05.763]Firing a MESSAGE_SENT event for session 2 | (IoFilterEvent^fire:68)
[DEBUG] - [2016/06/23 15:30:05.763]Event MESSAGE_SENT has been fired for session 2 | (IoFilterEvent^fire:117)
[DEBUG] - [2016/06/23 15:30:10.762]Firing a MESSAGE_RECEIVED event for session 2 | (IoFilterEvent^fire:68)
[DEBUG] - [2016/06/23 15:30:10.762]【NOTE】>>>>>> 收到客户端的数据：Hi，我是iOS客户端，我的时间戳 2083162834 | (EchoSeverHandler^messageReceived:57)
[DEBUG] - [2016/06/23 15:30:10.794]Firing a MESSAGE_SENT event for session 2 | (IoFilterEvent^fire:68)
[DEBUG] - [2016/06/23 15:30:10.794]Event MESSAGE_SENT has been fired for session 2 | (IoFilterEvent^fire:117)
[DEBUG] - [2016/06/23 15:30:10.794]Event MESSAGE_RECEIVED has been fired for session 2 | (IoFilterEvent^fire:117)
[DEBUG] - [2016/06/23 15:30:15.762]Firing a MESSAGE_RECEIVED event for session 2 | (IoFilterEvent^fire:68)
[DEBUG] - [2016/06/23 15:30:15.762]【NOTE】>>>>>> 收到客户端的数据：Hi，我是iOS客户端，我的时间戳 2083167833 | (EchoSeverHandler^messageReceived:57)
[DEBUG] - [2016/06/23 15:30:15.762]Event MESSAGE_RECEIVED has been fired for session 2 | (IoFilterEvent^fire:117)
[DEBUG] - [2016/06/23 15:30:15.762]Firing a MESSAGE_SENT event for session 2 | (IoFilterEvent^fire:68)
[DEBUG] - [2016/06/23 15:30:15.762]Event MESSAGE_SENT has been fired for session 2 | (IoFilterEvent^fire:117)
[DEBUG] - [2016/06/23 15:30:20.762]Firing a MESSAGE_RECEIVED event for session 2 | (IoFilterEvent^fire:68)
[DEBUG] - [2016/06/23 15:30:20.762]【NOTE】>>>>>> 收到客户端的数据：Hi，我是iOS客户端，我的时间戳 2083172833 | (EchoSeverHandler^messageReceived:57)
[DEBUG] - [2016/06/23 15:30:20.762]Event MESSAGE_RECEIVED has been fired for session 2 | (IoFilterEvent^fire:117)
[DEBUG] - [2016/06/23 15:30:20.762]Firing a MESSAGE_SENT event for session 2 | (IoFilterEvent^fire:68)
[DEBUG] - [2016/06/23 15:30:20.762]Event MESSAGE_SENT has been fired for session 2 | (IoFilterEvent^fire:117)
[DEBUG] - [2016/06/23 15:30:25.777]Firing a MESSAGE_RECEIVED event for session 2 | (IoFilterEvent^fire:68)
[DEBUG] - [2016/06/23 15:30:25.777]【NOTE】>>>>>> 收到客户端的数据：Hi，我是iOS客户端，我的时间戳 2083177832 | (EchoSeverHandler^messageReceived:57)
[DEBUG] - [2016/06/23 15:30:25.777]Event MESSAGE_RECEIVED has been fired for session 2 | (IoFilterEvent^fire:117)
[DEBUG] - [2016/06/23 15:30:25.777]Firing a MESSAGE_SENT event for session 2 | (IoFilterEvent^fire:68)
[DEBUG] - [2016/06/23 15:30:25.777]Event MESSAGE_SENT has been fired for session 2 | (IoFilterEvent^fire:117)
[DEBUG] - [2016/06/23 15:30:30.761]Firing a MESSAGE_RECEIVED event for session 2 | (IoFilterEvent^fire:68)
[DEBUG] - [2016/06/23 15:30:30.761]【NOTE】>>>>>> 收到客户端的数据：Hi，我是iOS客户端，我的时间戳 2083182832 | (EchoSeverHandler^messageReceived:57)
[DEBUG] - [2016/06/23 15:30:30.761]Event MESSAGE_RECEIVED has been fired for session 2 | (IoFilterEvent^fire:117)
[DEBUG] - [2016/06/23 15:30:30.761]Firing a MESSAGE_SENT event for session 2 | (IoFilterEvent^fire:68)
[DEBUG] - [2016/06/23 15:30:30.761]Event MESSAGE_SENT has been fired for session 2 | (IoFilterEvent^fire:117)
[DEBUG] - [2016/06/23 15:30:35.761]Firing a MESSAGE_RECEIVED event for session 2 | (IoFilterEvent^fire:68)
[DEBUG] - [2016/06/23 15:30:35.761]【NOTE】>>>>>> 收到客户端的数据：Hi，我是iOS客户端，我的时间戳 2083187833 | (EchoSeverHandler^messageReceived:57)
[DEBUG] - [2016/06/23 15:30:35.777]Event MESSAGE_RECEIVED has been fired for session 2 | (IoFilterEvent^fire:117)
[DEBUG] - [2016/06/23 15:30:35.777]Firing a MESSAGE_SENT event for session 2 | (IoFilterEvent^fire:68)
[DEBUG] - [2016/06/23 15:30:35.777]Event MESSAGE_SENT has been fired for session 2 | (IoFilterEvent^fire:117)
[DEBUG] - [2016/06/23 15:30:40.761]Firing a MESSAGE_RECEIVED event for session 2 | (IoFilterEvent^fire:68)
[DEBUG] - [2016/06/23 15:30:40.761]【NOTE】>>>>>> 收到客户端的数据：Hi，我是iOS客户端，我的时间戳 2083192832 | (EchoSeverHandler^messageReceived:57)
[DEBUG] - [2016/06/23 15:30:40.761]Event MESSAGE_RECEIVED has been fired for session 2 | (IoFilterEvent^fire:117)
[DEBUG] - [2016/06/23 15:30:40.761]Firing a MESSAGE_SENT event for session 2 | (IoFilterEvent^fire:68)
[DEBUG] - [2016/06/23 15:30:40.761]Event MESSAGE_SENT has been fired for session 2 | (IoFilterEvent^fire:117)
[DEBUG] - [2016/06/23 15:30:45.761]Firing a MESSAGE_RECEIVED event for session 2 | (IoFilterEvent^fire:68)
[DEBUG] - [2016/06/23 15:30:45.761]【NOTE】>>>>>> 收到客户端的数据：Hi，我是iOS客户端，我的时间戳 2083197832 | (EchoSeverHandler^messageReceived:57)
[DEBUG] - [2016/06/23 15:30:45.761]Event MESSAGE_RECEIVED has been fired for session 2 | (IoFilterEvent^fire:117)
[DEBUG] - [2016/06/23 15:30:45.761]Firing a MESSAGE_SENT event for session 2 | (IoFilterEvent^fire:68)
[DEBUG] - [2016/06/23 15:30:45.761]Event MESSAGE_SENT has been fired for session 2 | (IoFilterEvent^fire:117)
[DEBUG] - [2016/06/23 15:30:50.761]Firing a MESSAGE_RECEIVED event for session 2 | (IoFilterEvent^fire:68)
[DEBUG] - [2016/06/23 15:30:50.761]【NOTE】>>>>>> 收到客户端的数据：Hi，我是iOS客户端，我的时间戳 2083202834 | (EchoSeverHandler^messageReceived:57)
[DEBUG] - [2016/06/23 15:30:50.761]Firing a MESSAGE_SENT event for session 2 | (IoFilterEvent^fire:68)
[DEBUG] - [2016/06/23 15:30:50.761]Event MESSAGE_SENT has been fired for session 2 | (IoFilterEvent^fire:117)
[DEBUG] - [2016/06/23 15:30:50.761]Event MESSAGE_RECEIVED has been fired for session 2 | (IoFilterEvent^fire:117)
[DEBUG] - [2016/06/23 15:30:55.761]Firing a MESSAGE_RECEIVED event for session 2 | (IoFilterEvent^fire:68)
[DEBUG] - [2016/06/23 15:30:55.761]【NOTE】>>>>>> 收到客户端的数据：Hi，我是iOS客户端，我的时间戳 2083207836 | (EchoSeverHandler^messageReceived:57)
[DEBUG] - [2016/06/23 15:30:55.761]Event MESSAGE_RECEIVED has been fired for session 2 | (IoFilterEvent^fire:117)
[DEBUG] - [2016/06/23 15:30:55.761]Firing a MESSAGE_SENT event for session 2 | (IoFilterEvent^fire:68)
[DEBUG] - [2016/06/23 15:30:55.761]Event MESSAGE_SENT has been fired for session 2 | (IoFilterEvent^fire:117)
[DEBUG] - [2016/06/23 15:31:00.761]Firing a MESSAGE_RECEIVED event for session 2 | (IoFilterEvent^fire:68)
[DEBUG] - [2016/06/23 15:31:00.761]【NOTE】>>>>>> 收到客户端的数据：Hi，我是iOS客户端，我的时间戳 2083212834 | (EchoSeverHandler^messageReceived:57)
[DEBUG] - [2016/06/23 15:31:00.761]Event MESSAGE_RECEIVED has been fired for session 2 | (IoFilterEvent^fire:117)
[DEBUG] - [2016/06/23 15:31:00.777]Firing a MESSAGE_SENT event for session 2 | (IoFilterEvent^fire:68)
[DEBUG] - [2016/06/23 15:31:00.777]Event MESSAGE_SENT has been fired for session 2 | (IoFilterEvent^fire:117)
[DEBUG] - [2016/06/23 15:31:21.152]Firing a SESSION_OPENED event for session 3 | (IoFilterEvent^fire:68)
[DEBUG] - [2016/06/23 15:31:21.152]Event SESSION_OPENED has been fired for session 3 | (IoFilterEvent^fire:117)
[DEBUG] - [2016/06/23 15:31:21.152]Firing a MESSAGE_RECEIVED event for session 3 | (IoFilterEvent^fire:68)
[DEBUG] - [2016/06/23 15:31:21.152]【NOTE】>>>>>> 收到客户端的数据：Hi，我是iOS客户端，我的时间戳 2083232836 | (EchoSeverHandler^messageReceived:57)
[DEBUG] - [2016/06/23 15:31:21.152]Event MESSAGE_RECEIVED has been fired for session 3 | (IoFilterEvent^fire:117)
[DEBUG] - [2016/06/23 15:31:21.152]Firing a MESSAGE_SENT event for session 3 | (IoFilterEvent^fire:68)
[DEBUG] - [2016/06/23 15:31:21.152]Event MESSAGE_SENT has been fired for session 3 | (IoFilterEvent^fire:117)
[DEBUG] - [2016/06/23 15:31:25.761]Firing a MESSAGE_RECEIVED event for session 3 | (IoFilterEvent^fire:68)
[DEBUG] - [2016/06/23 15:31:25.761]【NOTE】>>>>>> 收到客户端的数据：Hi，我是iOS客户端，我的时间戳 2083237835 | (EchoSeverHandler^messageReceived:57)
[DEBUG] - [2016/06/23 15:31:25.761]Event MESSAGE_RECEIVED has been fired for session 3 | (IoFilterEvent^fire:117)
[DEBUG] - [2016/06/23 15:31:25.761]Firing a MESSAGE_SENT event for session 3 | (IoFilterEvent^fire:68)
[DEBUG] - [2016/06/23 15:31:25.761]Event MESSAGE_SENT has been fired for session 3 | (IoFilterEvent^fire:117)
[DEBUG] - [2016/06/23 15:31:30.761]Firing a MESSAGE_RECEIVED event for session 3 | (IoFilterEvent^fire:68)
[DEBUG] - [2016/06/23 15:31:30.761]【NOTE】>>>>>> 收到客户端的数据：Hi，我是iOS客户端，我的时间戳 2083242836 | (EchoSeverHandler^messageReceived:57)
[DEBUG] - [2016/06/23 15:31:30.761]Event MESSAGE_RECEIVED has been fired for session 3 | (IoFilterEvent^fire:117)
[DEBUG] - [2016/06/23 15:31:30.761]Firing a MESSAGE_SENT event for session 3 | (IoFilterEvent^fire:68)
[DEBUG] - [2016/06/23 15:31:30.761]Event MESSAGE_SENT has been fired for session 3 | (IoFilterEvent^fire:117)
[DEBUG] - [2016/06/23 15:31:35.761]Firing a MESSAGE_RECEIVED event for session 3 | (IoFilterEvent^fire:68)
[DEBUG] - [2016/06/23 15:31:35.761]【NOTE】>>>>>> 收到客户端的数据：Hi，我是iOS客户端，我的时间戳 2083247836 | (EchoSeverHandler^messageReceived:57)
[DEBUG] - [2016/06/23 15:31:35.761]Event MESSAGE_RECEIVED has been fired for session 3 | (IoFilterEvent^fire:117)
[DEBUG] - [2016/06/23 15:31:35.761]Firing a MESSAGE_SENT event for session 3 | (IoFilterEvent^fire:68)
[DEBUG] - [2016/06/23 15:31:35.761]Event MESSAGE_SENT has been fired for session 3 | (IoFilterEvent^fire:117)
[DEBUG] - [2016/06/23 15:31:40.761]Firing a MESSAGE_RECEIVED event for session 3 | (IoFilterEvent^fire:68)
[DEBUG] - [2016/06/23 15:31:40.761]【NOTE】>>>>>> 收到客户端的数据：Hi，我是iOS客户端，我的时间戳 2083252836 | (EchoSeverHandler^messageReceived:57)
[DEBUG] - [2016/06/23 15:31:40.761]Event MESSAGE_RECEIVED has been fired for session 3 | (IoFilterEvent^fire:117)
[DEBUG] - [2016/06/23 15:31:40.761]Firing a MESSAGE_SENT event for session 3 | (IoFilterEvent^fire:68)
[DEBUG] - [2016/06/23 15:31:40.761]Event MESSAGE_SENT has been fired for session 3 | (IoFilterEvent^fire:117)
[DEBUG] - [2016/06/23 15:31:45.761]Firing a MESSAGE_RECEIVED event for session 3 | (IoFilterEvent^fire:68)
[DEBUG] - [2016/06/23 15:31:45.761]【NOTE】>>>>>> 收到客户端的数据：Hi，我是iOS客户端，我的时间戳 2083257838 | (EchoSeverHandler^messageReceived:57)
[DEBUG] - [2016/06/23 15:31:45.761]Event MESSAGE_RECEIVED has been fired for session 3 | (IoFilterEvent^fire:117)
[DEBUG] - [2016/06/23 15:31:45.761]Firing a MESSAGE_SENT event for session 3 | (IoFilterEvent^fire:68)
[DEBUG] - [2016/06/23 15:31:45.761]Event MESSAGE_SENT has been fired for session 3 | (IoFilterEvent^fire:117)
[DEBUG] - [2016/06/23 15:31:50.761]Firing a MESSAGE_RECEIVED event for session 3 | (IoFilterEvent^fire:68)
[DEBUG] - [2016/06/23 15:31:50.761]【NOTE】>>>>>> 收到客户端的数据：Hi，我是iOS客户端，我的时间戳 2083262834 | (EchoSeverHandler^messageReceived:57)
[DEBUG] - [2016/06/23 15:31:50.761]Event MESSAGE_RECEIVED has been fired for session 3 | (IoFilterEvent^fire:117)
[DEBUG] - [2016/06/23 15:31:50.761]Firing a MESSAGE_SENT event for session 3 | (IoFilterEvent^fire:68)
[DEBUG] - [2016/06/23 15:31:50.761]Event MESSAGE_SENT has been fired for session 3 | (IoFilterEvent^fire:117)
[DEBUG] - [2016/06/23 15:31:55.761]Firing a MESSAGE_RECEIVED event for session 3 | (IoFilterEvent^fire:68)
[DEBUG] - [2016/06/23 15:31:55.761]【NOTE】>>>>>> 收到客户端的数据：Hi，我是iOS客户端，我的时间戳 2083267837 | (EchoSeverHandler^messageReceived:57)
[DEBUG] - [2016/06/23 15:31:55.761]Firing a MESSAGE_SENT event for session 3 | (IoFilterEvent^fire:68)
[DEBUG] - [2016/06/23 15:31:55.761]Event MESSAGE_SENT has been fired for session 3 | (IoFilterEvent^fire:117)
[DEBUG] - [2016/06/23 15:31:55.761]Event MESSAGE_RECEIVED has been fired for session 3 | (IoFilterEvent^fire:117)
[DEBUG] - [2016/06/23 15:32:00.761]Firing a MESSAGE_RECEIVED event for session 3 | (IoFilterEvent^fire:68)
[DEBUG] - [2016/06/23 15:32:00.761]【NOTE】>>>>>> 收到客户端的数据：Hi，我是iOS客户端，我的时间戳 2083272835 | (EchoSeverHandler^messageReceived:57)
[DEBUG] - [2016/06/23 15:32:00.761]Event MESSAGE_RECEIVED has been fired for session 3 | (IoFilterEvent^fire:117)
[DEBUG] - [2016/06/23 15:32:00.761]Firing a MESSAGE_SENT event for session 3 | (IoFilterEvent^fire:68)
[DEBUG] - [2016/06/23 15:32:00.761]Event MESSAGE_SENT has been fired for session 3 | (IoFilterEvent^fire:117)
[DEBUG] - [2016/06/23 15:32:05.762]Firing a MESSAGE_RECEIVED event for session 3 | (IoFilterEvent^fire:68)
[DEBUG] - [2016/06/23 15:32:05.762]【NOTE】>>>>>> 收到客户端的数据：Hi，我是iOS客户端，我的时间戳 2083277837 | (EchoSeverHandler^messageReceived:57)
[DEBUG] - [2016/06/23 15:32:05.762]Event MESSAGE_RECEIVED has been fired for session 3 | (IoFilterEvent^fire:117)
[DEBUG] - [2016/06/23 15:32:05.762]Firing a MESSAGE_SENT event for session 3 | (IoFilterEvent^fire:68)
[DEBUG] - [2016/06/23 15:32:05.762]Event MESSAGE_SENT has been fired for session 3 | (IoFilterEvent^fire:117)
[DEBUG] - [2016/06/23 15:32:10.762]Firing a MESSAGE_RECEIVED event for session 3 | (IoFilterEvent^fire:68)
[DEBUG] - [2016/06/23 15:32:10.762]【NOTE】>>>>>> 收到客户端的数据：Hi，我是iOS客户端，我的时间戳 2083282837 | (EchoSeverHandler^messageReceived:57)
[DEBUG] - [2016/06/23 15:32:10.762]Event MESSAGE_RECEIVED has been fired for session 3 | (IoFilterEvent^fire:117)
[DEBUG] - [2016/06/23 15:32:10.762]Firing a MESSAGE_SENT event for session 3 | (IoFilterEvent^fire:68)
[DEBUG] - [2016/06/23 15:32:10.762]Event MESSAGE_SENT has been fired for session 3 | (IoFilterEvent^fire:117)
[DEBUG] - [2016/06/23 15:32:15.762]Firing a MESSAGE_RECEIVED event for session 3 | (IoFilterEvent^fire:68)
[DEBUG] - [2016/06/23 15:32:15.762]【NOTE】>>>>>> 收到客户端的数据：Hi，我是iOS客户端，我的时间戳 2083287836 | (EchoSeverHandler^messageReceived:57)
[DEBUG] - [2016/06/23 15:32:15.762]Event MESSAGE_RECEIVED has been fired for session 3 | (IoFilterEvent^fire:117)
[DEBUG] - [2016/06/23 15:32:15.762]Firing a MESSAGE_SENT event for session 3 | (IoFilterEvent^fire:68)
[DEBUG] - [2016/06/23 15:32:15.762]Event MESSAGE_SENT has been fired for session 3 | (IoFilterEvent^fire:117)
[DEBUG] - [2016/06/23 15:32:20.762]Firing a MESSAGE_RECEIVED event for session 3 | (IoFilterEvent^fire:68)
[DEBUG] - [2016/06/23 15:32:20.762]【NOTE】>>>>>> 收到客户端的数据：Hi，我是iOS客户端，我的时间戳 2083292838 | (EchoSeverHandler^messageReceived:57)
[DEBUG] - [2016/06/23 15:32:20.762]Event MESSAGE_RECEIVED has been fired for session 3 | (IoFilterEvent^fire:117)
[DEBUG] - [2016/06/23 15:32:20.762]Firing a MESSAGE_SENT event for session 3 | (IoFilterEvent^fire:68)
[DEBUG] - [2016/06/23 15:32:20.777]Event MESSAGE_SENT has been fired for session 3 | (IoFilterEvent^fire:117)
[DEBUG] - [2016/06/23 15:32:25.762]Firing a MESSAGE_RECEIVED event for session 3 | (IoFilterEvent^fire:68)
[DEBUG] - [2016/06/23 15:32:25.762]【NOTE】>>>>>> 收到客户端的数据：Hi，我是iOS客户端，我的时间戳 2083297839 | (EchoSeverHandler^messageReceived:57)
[DEBUG] - [2016/06/23 15:32:25.762]Event MESSAGE_RECEIVED has been fired for session 3 | (IoFilterEvent^fire:117)
[DEBUG] - [2016/06/23 15:32:25.762]Firing a MESSAGE_SENT event for session 3 | (IoFilterEvent^fire:68)
[DEBUG] - [2016/06/23 15:32:25.762]Event MESSAGE_SENT has been fired for session 3 | (IoFilterEvent^fire:117)
[DEBUG] - [2016/06/23 15:32:30.762]Firing a MESSAGE_RECEIVED event for session 3 | (IoFilterEvent^fire:68)
[DEBUG] - [2016/06/23 15:32:30.762]【NOTE】>>>>>> 收到客户端的数据：Hi，我是iOS客户端，我的时间戳 2083302836 | (EchoSeverHandler^messageReceived:57)
[DEBUG] - [2016/06/23 15:32:30.762]Event MESSAGE_RECEIVED has been fired for session 3 | (IoFilterEvent^fire:117)
[DEBUG] - [2016/06/23 15:32:30.762]Firing a MESSAGE_SENT event for session 3 | (IoFilterEvent^fire:68)
[DEBUG] - [2016/06/23 15:32:30.762]Event MESSAGE_SENT has been fired for session 3 | (IoFilterEvent^fire:117)
[DEBUG] - [2016/06/23 15:32:35.762]Firing a MESSAGE_RECEIVED event for session 3 | (IoFilterEvent^fire:68)
[DEBUG] - [2016/06/23 15:32:35.762]【NOTE】>>>>>> 收到客户端的数据：Hi，我是iOS客户端，我的时间戳 2083307839 | (EchoSeverHandler^messageReceived:57)
[DEBUG] - [2016/06/23 15:32:35.762]Event MESSAGE_RECEIVED has been fired for session 3 | (IoFilterEvent^fire:117)
[DEBUG] - [2016/06/23 15:32:35.762]Firing a MESSAGE_SENT event for session 3 | (IoFilterEvent^fire:68)
[DEBUG] - [2016/06/23 15:32:35.762]Event MESSAGE_SENT has been fired for session 3 | (IoFilterEvent^fire:117)
[DEBUG] - [2016/06/23 15:32:40.762]Firing a MESSAGE_RECEIVED event for session 3 | (IoFilterEvent^fire:68)
[DEBUG] - [2016/06/23 15:32:40.762]【NOTE】>>>>>> 收到客户端的数据：Hi，我是iOS客户端，我的时间戳 2083312838 | (EchoSeverHandler^messageReceived:57)
[DEBUG] - [2016/06/23 15:32:40.762]Event MESSAGE_RECEIVED has been fired for session 3 | (IoFilterEvent^fire:117)
[DEBUG] - [2016/06/23 15:32:40.762]Firing a MESSAGE_SENT event for session 3 | (IoFilterEvent^fire:68)
[DEBUG] - [2016/06/23 15:32:40.762]Event MESSAGE_SENT has been fired for session 3 | (IoFilterEvent^fire:117)
[DEBUG] - [2016/06/23 15:32:45.762]Firing a MESSAGE_RECEIVED event for session 3 | (IoFilterEvent^fire:68)
[DEBUG] - [2016/06/23 15:32:45.762]【NOTE】>>>>>> 收到客户端的数据：Hi，我是iOS客户端，我的时间戳 2083317836 | (EchoSeverHandler^messageReceived:57)
[DEBUG] - [2016/06/23 15:32:45.762]Event MESSAGE_RECEIVED has been fired for session 3 | (IoFilterEvent^fire:117)
[DEBUG] - [2016/06/23 15:32:45.762]Firing a MESSAGE_SENT event for session 3 | (IoFilterEvent^fire:68)
[DEBUG] - [2016/06/23 15:32:45.794]Event MESSAGE_SENT has been fired for session 3 | (IoFilterEvent^fire:117)
[DEBUG] - [2016/06/23 15:32:50.763]Firing a MESSAGE_RECEIVED event for session 3 | (IoFilterEvent^fire:68)
[DEBUG] - [2016/06/23 15:32:50.763]【NOTE】>>>>>> 收到客户端的数据：Hi，我是iOS客户端，我的时间戳 2083322838 | (EchoSeverHandler^messageReceived:57)
[DEBUG] - [2016/06/23 15:32:50.763]Event MESSAGE_RECEIVED has been fired for session 3 | (IoFilterEvent^fire:117)
[DEBUG] - [2016/06/23 15:32:50.763]Firing a MESSAGE_SENT event for session 3 | (IoFilterEvent^fire:68)
[DEBUG] - [2016/06/23 15:32:50.763]Event MESSAGE_SENT has been fired for session 3 | (IoFilterEvent^fire:117)
[DEBUG] - [2016/06/23 15:32:55.763]Firing a MESSAGE_RECEIVED event for session 3 | (IoFilterEvent^fire:68)
[DEBUG] - [2016/06/23 15:32:55.763]【NOTE】>>>>>> 收到客户端的数据：Hi，我是iOS客户端，我的时间戳 2083327838 | (EchoSeverHandler^messageReceived:57)
[DEBUG] - [2016/06/23 15:32:55.763]Event MESSAGE_RECEIVED has been fired for session 3 | (IoFilterEvent^fire:117)
[DEBUG] - [2016/06/23 15:32:55.763]Firing a MESSAGE_SENT event for session 3 | (IoFilterEvent^fire:68)
[DEBUG] - [2016/06/23 15:32:55.763]Event MESSAGE_SENT has been fired for session 3 | (IoFilterEvent^fire:117)
[DEBUG] - [2016/06/23 15:33:00.763]Firing a MESSAGE_RECEIVED event for session 3 | (IoFilterEvent^fire:68)
[DEBUG] - [2016/06/23 15:33:00.763]【NOTE】>>>>>> 收到客户端的数据：Hi，我是iOS客户端，我的时间戳 2083332839 | (EchoSeverHandler^messageReceived:57)
[DEBUG] - [2016/06/23 15:33:00.763]Event MESSAGE_RECEIVED has been fired for session 3 | (IoFilterEvent^fire:117)
[DEBUG] - [2016/06/23 15:33:00.763]Firing a MESSAGE_SENT event for session 3 | (IoFilterEvent^fire:68)
[DEBUG] - [2016/06/23 15:33:00.763]Event MESSAGE_SENT has been fired for session 3 | (IoFilterEvent^fire:117)
[DEBUG] - [2016/06/23 15:33:05.763]Firing a MESSAGE_RECEIVED event for session 3 | (IoFilterEvent^fire:68)
[DEBUG] - [2016/06/23 15:33:05.763]【NOTE】>>>>>> 收到客户端的数据：Hi，我是iOS客户端，我的时间戳 2083337838 | (EchoSeverHandler^messageReceived:57)
[DEBUG] - [2016/06/23 15:33:05.763]Event MESSAGE_RECEIVED has been fired for session 3 | (IoFilterEvent^fire:117)
[DEBUG] - [2016/06/23 15:33:05.763]Firing a MESSAGE_SENT event for session 3 | (IoFilterEvent^fire:68)
[DEBUG] - [2016/06/23 15:33:05.763]Event MESSAGE_SENT has been fired for session 3 | (IoFilterEvent^fire:117)
[DEBUG] - [2016/06/23 15:33:10.763]Firing a MESSAGE_RECEIVED event for session 3 | (IoFilterEvent^fire:68)
[DEBUG] - [2016/06/23 15:33:10.763]【NOTE】>>>>>> 收到客户端的数据：Hi，我是iOS客户端，我的时间戳 2083342837 | (EchoSeverHandler^messageReceived:57)
[DEBUG] - [2016/06/23 15:33:10.763]Event MESSAGE_RECEIVED has been fired for session 3 | (IoFilterEvent^fire:117)
[DEBUG] - [2016/06/23 15:33:10.763]Firing a MESSAGE_SENT event for session 3 | (IoFilterEvent^fire:68)
[DEBUG] - [2016/06/23 15:33:10.763]Event MESSAGE_SENT has been fired for session 3 | (IoFilterEvent^fire:117)
[DEBUG] - [2016/06/23 15:33:15.763]Firing a MESSAGE_RECEIVED event for session 3 | (IoFilterEvent^fire:68)
[DEBUG] - [2016/06/23 15:33:15.763]【NOTE】>>>>>> 收到客户端的数据：Hi，我是iOS客户端，我的时间戳 2083347838 | (EchoSeverHandler^messageReceived:57)
[DEBUG] - [2016/06/23 15:33:15.795]Event MESSAGE_RECEIVED has been fired for session 3 | (IoFilterEvent^fire:117)
[DEBUG] - [2016/06/23 15:33:15.795]Firing a MESSAGE_SENT event for session 3 | (IoFilterEvent^fire:68)
[DEBUG] - [2016/06/23 15:33:15.795]Event MESSAGE_SENT has been fired for session 3 | (IoFilterEvent^fire:117)
[DEBUG] - [2016/06/23 15:33:20.764]Firing a MESSAGE_RECEIVED event for session 3 | (IoFilterEvent^fire:68)
[DEBUG] - [2016/06/23 15:33:20.764]【NOTE】>>>>>> 收到客户端的数据：Hi，我是iOS客户端，我的时间戳 2083352839 | (EchoSeverHandler^messageReceived:57)
[DEBUG] - [2016/06/23 15:33:20.764]Event MESSAGE_RECEIVED has been fired for session 3 | (IoFilterEvent^fire:117)
[DEBUG] - [2016/06/23 15:33:20.764]Firing a MESSAGE_SENT event for session 3 | (IoFilterEvent^fire:68)
[DEBUG] - [2016/06/23 15:33:20.764]Event MESSAGE_SENT has been fired for session 3 | (IoFilterEvent^fire:117)
[DEBUG] - [2016/06/23 15:33:25.764]Firing a MESSAGE_RECEIVED event for session 3 | (IoFilterEvent^fire:68)
[DEBUG] - [2016/06/23 15:33:25.764]【NOTE】>>>>>> 收到客户端的数据：Hi，我是iOS客户端，我的时间戳 2083357841 | (EchoSeverHandler^messageReceived:57)
[DEBUG] - [2016/06/23 15:33:25.764]Event MESSAGE_RECEIVED has been fired for session 3 | (IoFilterEvent^fire:117)
[DEBUG] - [2016/06/23 15:33:25.764]Firing a MESSAGE_SENT event for session 3 | (IoFilterEvent^fire:68)
[DEBUG] - [2016/06/23 15:33:25.764]Event MESSAGE_SENT has been fired for session 3 | (IoFilterEvent^fire:117)
[DEBUG] - [2016/06/23 15:33:30.764]Firing a MESSAGE_RECEIVED event for session 3 | (IoFilterEvent^fire:68)
[DEBUG] - [2016/06/23 15:33:30.764]【NOTE】>>>>>> 收到客户端的数据：Hi，我是iOS客户端，我的时间戳 2083362841 | (EchoSeverHandler^messageReceived:57)
[DEBUG] - [2016/06/23 15:33:30.764]Firing a MESSAGE_SENT event for session 3 | (IoFilterEvent^fire:68)
[DEBUG] - [2016/06/23 15:33:30.779]Event MESSAGE_RECEIVED has been fired for session 3 | (IoFilterEvent^fire:117)
[DEBUG] - [2016/06/23 15:33:30.779]Event MESSAGE_SENT has been fired for session 3 | (IoFilterEvent^fire:117)
[DEBUG] - [2016/06/23 15:33:35.764]Firing a MESSAGE_RECEIVED event for session 3 | (IoFilterEvent^fire:68)
[DEBUG] - [2016/06/23 15:33:35.764]【NOTE】>>>>>> 收到客户端的数据：Hi，我是iOS客户端，我的时间戳 2083367839 | (EchoSeverHandler^messageReceived:57)
[DEBUG] - [2016/06/23 15:33:35.764]Event MESSAGE_RECEIVED has been fired for session 3 | (IoFilterEvent^fire:117)
[DEBUG] - [2016/06/23 15:33:35.764]Firing a MESSAGE_SENT event for session 3 | (IoFilterEvent^fire:68)
[DEBUG] - [2016/06/23 15:33:35.764]Event MESSAGE_SENT has been fired for session 3 | (IoFilterEvent^fire:117)
[DEBUG] - [2016/06/23 15:33:40.764]Firing a MESSAGE_RECEIVED event for session 3 | (IoFilterEvent^fire:68)
[DEBUG] - [2016/06/23 15:33:40.764]【NOTE】>>>>>> 收到客户端的数据：Hi，我是iOS客户端，我的时间戳 2083372840 | (EchoSeverHandler^messageReceived:57)
[DEBUG] - [2016/06/23 15:33:40.764]Event MESSAGE_RECEIVED has been fired for session 3 | (IoFilterEvent^fire:117)
[DEBUG] - [2016/06/23 15:33:40.764]Firing a MESSAGE_SENT event for session 3 | (IoFilterEvent^fire:68)
[DEBUG] - [2016/06/23 15:33:40.764]Event MESSAGE_SENT has been fired for session 3 | (IoFilterEvent^fire:117)
[DEBUG] - [2016/06/23 15:33:45.764]Firing a MESSAGE_RECEIVED event for session 3 | (IoFilterEvent^fire:68)
[DEBUG] - [2016/06/23 15:33:45.764]【NOTE】>>>>>> 收到客户端的数据：Hi，我是iOS客户端，我的时间戳 2083377841 | (EchoSeverHandler^messageReceived:57)
[DEBUG] - [2016/06/23 15:33:45.764]Event MESSAGE_RECEIVED has been fired for session 3 | (IoFilterEvent^fire:117)
[DEBUG] - [2016/06/23 15:33:45.764]Firing a MESSAGE_SENT event for session 3 | (IoFilterEvent^fire:68)
[DEBUG] - [2016/06/23 15:33:45.764]Event MESSAGE_SENT has been fired for session 3 | (IoFilterEvent^fire:117)
[DEBUG] - [2016/06/23 15:33:50.764]Firing a MESSAGE_RECEIVED event for session 3 | (IoFilterEvent^fire:68)
[DEBUG] - [2016/06/23 15:33:50.764]【NOTE】>>>>>> 收到客户端的数据：Hi，我是iOS客户端，我的时间戳 2083382838 | (EchoSeverHandler^messageReceived:57)
[DEBUG] - [2016/06/23 15:33:50.764]Event MESSAGE_RECEIVED has been fired for session 3 | (IoFilterEvent^fire:117)
[DEBUG] - [2016/06/23 15:33:50.764]Firing a MESSAGE_SENT event for session 3 | (IoFilterEvent^fire:68)
[DEBUG] - [2016/06/23 15:33:50.764]Event MESSAGE_SENT has been fired for session 3 | (IoFilterEvent^fire:117)
[DEBUG] - [2016/06/23 15:33:55.765]Firing a MESSAGE_RECEIVED event for session 3 | (IoFilterEvent^fire:68)
[DEBUG] - [2016/06/23 15:33:55.765]【NOTE】>>>>>> 收到客户端的数据：Hi，我是iOS客户端，我的时间戳 2083387838 | (EchoSeverHandler^messageReceived:57)
[DEBUG] - [2016/06/23 15:33:55.765]Event MESSAGE_RECEIVED has been fired for session 3 | (IoFilterEvent^fire:117)
[DEBUG] - [2016/06/23 15:33:55.765]Firing a MESSAGE_SENT event for session 3 | (IoFilterEvent^fire:68)
[DEBUG] - [2016/06/23 15:33:55.765]Event MESSAGE_SENT has been fired for session 3 | (IoFilterEvent^fire:117)
[DEBUG] - [2016/06/23 15:34:00.765]Firing a MESSAGE_RECEIVED event for session 3 | (IoFilterEvent^fire:68)
[DEBUG] - [2016/06/23 15:34:00.765]【NOTE】>>>>>> 收到客户端的数据：Hi，我是iOS客户端，我的时间戳 2083392838 | (EchoSeverHandler^messageReceived:57)
[DEBUG] - [2016/06/23 15:34:00.765]Event MESSAGE_RECEIVED has been fired for session 3 | (IoFilterEvent^fire:117)
[DEBUG] - [2016/06/23 15:34:00.765]Firing a MESSAGE_SENT event for session 3 | (IoFilterEvent^fire:68)
[DEBUG] - [2016/06/23 15:34:00.765]Event MESSAGE_SENT has been fired for session 3 | (IoFilterEvent^fire:117)
[DEBUG] - [2016/06/23 15:34:05.765]Firing a MESSAGE_RECEIVED event for session 3 | (IoFilterEvent^fire:68)
[DEBUG] - [2016/06/23 15:34:05.765]【NOTE】>>>>>> 收到客户端的数据：Hi，我是iOS客户端，我的时间戳 2083397842 | (EchoSeverHandler^messageReceived:57)
[DEBUG] - [2016/06/23 15:34:05.765]Event MESSAGE_RECEIVED has been fired for session 3 | (IoFilterEvent^fire:117)
[DEBUG] - [2016/06/23 15:34:05.765]Firing a MESSAGE_SENT event for session 3 | (IoFilterEvent^fire:68)
[DEBUG] - [2016/06/23 15:34:05.765]Event MESSAGE_SENT has been fired for session 3 | (IoFilterEvent^fire:117)
[DEBUG] - [2016/06/23 15:34:10.765]Firing a MESSAGE_RECEIVED event for session 3 | (IoFilterEvent^fire:68)
[DEBUG] - [2016/06/23 15:34:10.765]【NOTE】>>>>>> 收到客户端的数据：Hi，我是iOS客户端，我的时间戳 2083402842 | (EchoSeverHandler^messageReceived:57)
[DEBUG] - [2016/06/23 15:34:10.765]Firing a MESSAGE_SENT event for session 3 | (IoFilterEvent^fire:68)
[DEBUG] - [2016/06/23 15:34:10.765]Event MESSAGE_SENT has been fired for session 3 | (IoFilterEvent^fire:117)
[DEBUG] - [2016/06/23 15:34:10.765]Event MESSAGE_RECEIVED has been fired for session 3 | (IoFilterEvent^fire:117)
[DEBUG] - [2016/06/23 15:34:15.765]Firing a MESSAGE_RECEIVED event for session 3 | (IoFilterEvent^fire:68)
[DEBUG] - [2016/06/23 15:34:15.765]【NOTE】>>>>>> 收到客户端的数据：Hi，我是iOS客户端，我的时间戳 2083407839 | (EchoSeverHandler^messageReceived:57)
[DEBUG] - [2016/06/23 15:34:15.765]Event MESSAGE_RECEIVED has been fired for session 3 | (IoFilterEvent^fire:117)
[DEBUG] - [2016/06/23 15:34:15.765]Firing a MESSAGE_SENT event for session 3 | (IoFilterEvent^fire:68)
[DEBUG] - [2016/06/23 15:34:15.765]Event MESSAGE_SENT has been fired for session 3 | (IoFilterEvent^fire:117)
[INFO] - [2018/02/28 16:13:25.953][IMCORE]TCP服务器正在端口 9999 上监听中... | (EchoServer^tcpConnect:74)
[DEBUG] - [2018/02/28 16:13:54.164]Firing a SESSION_OPENED event for session 1 | (IoFilterEvent^fire:68)
[DEBUG] - [2018/02/28 16:13:54.165]Event SESSION_OPENED has been fired for session 1 | (IoFilterEvent^fire:117)
[DEBUG] - [2018/02/28 16:14:02.321]Firing a MESSAGE_RECEIVED event for session 1 | (IoFilterEvent^fire:68)
[DEBUG] - [2018/02/28 16:14:02.323]【NOTE】>>>>>> 收到客户端的数据：Dede
 | (EchoSeverHandler^messageReceived:59)
[DEBUG] - [2018/02/28 16:14:02.326]Event MESSAGE_RECEIVED has been fired for session 1 | (IoFilterEvent^fire:117)
[DEBUG] - [2018/02/28 16:14:02.326]Firing a MESSAGE_SENT event for session 1 | (IoFilterEvent^fire:68)
[DEBUG] - [2018/02/28 16:14:02.326]Event MESSAGE_SENT has been fired for session 1 | (IoFilterEvent^fire:117)
[DEBUG] - [2018/02/28 16:14:07.557]Firing a MESSAGE_RECEIVED event for session 1 | (IoFilterEvent^fire:68)
[DEBUG] - [2018/02/28 16:14:07.557]【NOTE】>>>>>> 收到客户端的数据：Wewrrrgbgbgbgbgbgb
 | (EchoSeverHandler^messageReceived:59)
[DEBUG] - [2018/02/28 16:14:07.557]Event MESSAGE_RECEIVED has been fired for session 1 | (IoFilterEvent^fire:117)
[DEBUG] - [2018/02/28 16:14:07.557]Firing a MESSAGE_SENT event for session 1 | (IoFilterEvent^fire:68)
[DEBUG] - [2018/02/28 16:14:07.558]Event MESSAGE_SENT has been fired for session 1 | (IoFilterEvent^fire:117)
[DEBUG] - [2018/02/28 16:14:15.231]Firing a MESSAGE_RECEIVED event for session 1 | (IoFilterEvent^fire:68)
[DEBUG] - [2018/02/28 16:14:15.232]【NOTE】>>>>>> 收到客户端的数据：
 | (EchoSeverHandler^messageReceived:59)
[DEBUG] - [2018/02/28 16:14:15.232]Event MESSAGE_RECEIVED has been fired for session 1 | (IoFilterEvent^fire:117)
[DEBUG] - [2018/02/28 16:14:15.232]Firing a MESSAGE_SENT event for session 1 | (IoFilterEvent^fire:68)
[DEBUG] - [2018/02/28 16:14:15.234]Event MESSAGE_SENT has been fired for session 1 | (IoFilterEvent^fire:117)
